docker compose -f deploy/compose/docker-compose.yml --profile core --profile obs down -v --remove-orphans
 Container compose-processor-1  Stopping
 Container compose-consumer-1  Stopping
 Container market-raccoon-store  Stopping
 Container market-raccoon-store  Stopped
 Container market-raccoon-store  Removing
 Container compose-consumer-1  Stopped
 Container compose-consumer-1  Removing
 Container market-raccoon-store  Removed
 Container compose-processor-1  Stopped
 Container compose-processor-1  Removing
 Container compose-consumer-1  Removed
 Container compose-processor-1  Removed
 Container market-raccoon-server  Stopping
 Container market-raccoon-server  Stopped
 Container market-raccoon-server  Removing
 Container market-raccoon-server  Removed
 Container market-raccoon-timescale  Stopping
 Container market-raccoon-clickhouse  Stopping
 Container market-raccoon-nats  Stopping
 Container market-raccoon-nats  Stopped
 Container market-raccoon-nats  Removing
 Container market-raccoon-timescale  Stopped
 Container market-raccoon-timescale  Removing
 Container market-raccoon-nats  Removed
 Container market-raccoon-timescale  Removed
 Container market-raccoon-clickhouse  Stopped
 Container market-raccoon-clickhouse  Removing
 Container market-raccoon-clickhouse  Removed
 Volume market-raccoon-nats-data  Removing
 Network market-raccoon-network  Removing
 Volume market-raccoon-timescale-data  Removing
 Volume market-raccoon-clickhouse-data  Removing
 Volume market-raccoon-clickhouse-logs  Removing
 Volume market-raccoon-timescale-data  Removed
 Volume market-raccoon-nats-data  Removed
 Network market-raccoon-network  Removed
 Volume market-raccoon-clickhouse-logs  Removed
 Volume market-raccoon-clickhouse-data  Removed
