invariants-check: domain isolation protobuf-free guard passed
invariants-check: determinism, replay-offline, and core exchange-purity guards passed
invariants-check: layering guards (core->actors, interfaces->adapters) passed
invariants-check: policykit isolation guard passed
invariants-check: extended layering guards (core->adapters, core->interfaces, actors->interfaces) passed
# W5 soak harness 2026-02-19T20:20:29Z
go_cache=/tmp/go-build
ws_pattern=TestConsumer_ConnectDisconnectCycle_(NoGoroutineLeak|HeapStable)
boundedmap_pattern=TestBoundedMap_(ConcurrentAccess|EvictBySizeLRU|EvictByTTL)
Running consumer lifecycle leak checks...
=== RUN   TestConsumer_ConnectDisconnectCycle_NoGoroutineLeak
--- PASS: TestConsumer_ConnectDisconnectCycle_NoGoroutineLeak (0.22s)
=== RUN   TestConsumer_ConnectDisconnectCycle_HeapStable
--- PASS: TestConsumer_ConnectDisconnectCycle_HeapStable (0.34s)
PASS
ok  	github.com/market-raccoon/internal/actors/marketdata/ws	0.746s
Running bounded map stability checks...
=== RUN   TestBoundedMap_EvictBySizeLRU
--- PASS: TestBoundedMap_EvictBySizeLRU (0.00s)
=== RUN   TestBoundedMap_EvictByTTL
--- PASS: TestBoundedMap_EvictByTTL (0.00s)
=== RUN   TestBoundedMap_ConcurrentAccess
--- PASS: TestBoundedMap_ConcurrentAccess (0.00s)
PASS
ok  	github.com/market-raccoon/internal/shared/ds	0.157s
Soak harness completed
# VPVR soak harness 2026-02-19T20:20:31Z
go_cache=/tmp/go-build
test_pattern=TestVPVROverloadSoakBurstDeterministicBudgets
Running VPVR deterministic burst soak...
=== RUN   TestVPVROverloadSoakBurstDeterministicBudgets
--- PASS: TestVPVROverloadSoakBurstDeterministicBudgets (0.20s)
PASS
ok  	github.com/market-raccoon/internal/actors/insights/runtime	0.383s
VPVR soak harness completed
# C4 cold-path roundtrip harness 2026-02-19T20:20:32Z
go_cache=/tmp/go-build
Running cold-path candle/stats roundtrip...
=== RUN   TestColdPath_CandleWriteReadRoundtrip
--- PASS: TestColdPath_CandleWriteReadRoundtrip (0.00s)
=== RUN   TestColdPath_StatsWriteReadRoundtrip
--- PASS: TestColdPath_StatsWriteReadRoundtrip (0.00s)
PASS
ok  	github.com/market-raccoon/internal/adapters/storage/clickhouse	0.188s
Running store candle+stats cold-write soak...
=== RUN   TestStoreSoak_CandleColdWrite_10k
--- PASS: TestStoreSoak_CandleColdWrite_10k (0.07s)
=== RUN   TestStoreSoak_StatsColdWrite_10k
--- PASS: TestStoreSoak_StatsColdWrite_10k (0.07s)
PASS
ok  	github.com/market-raccoon/cmd/store	0.496s
C4 cold-path roundtrip completed
