Starting soak app...
app_pid=2155
logs: .context/evidence/terminal-v1-soak-postdeploy-20260302-202835/client-soak/app.log
fault logs: .context/evidence/terminal-v1-soak-postdeploy-20260302-202835/client-soak/fault.log
process samples: .context/evidence/terminal-v1-soak-postdeploy-20260302-202835/client-soak/process_samples.csv
[marketdata] Connected to ws://127.0.0.1:8080/ws
[md-lifecycle] connect url=ws://127.0.0.1:8080/ws
[md-lifecycle] hello_sent rid=h1
[md-lifecycle] subscribe_sent subject=marketdata.trade/binance/BTCUSDT/raw rid=r2
[md-lifecycle] subscribe_sent subject=marketdata.bookdelta/binance/BTCUSDT/raw rid=r3
[md-lifecycle] subscribe_sent subject=aggregation.stats/binance/BTCUSDT/raw rid=r4
[md-lifecycle] subscribe_sent subject=insights.heatmap_snapshot/binance/BTCUSDT/1m rid=r5
[md-lifecycle] subscribe_sent subject=insights.volume_profile_snapshot/binance/BTCUSDT/1m rid=r6
[md-lifecycle] subscribe_sent subject=aggregation.candle/binance/BTCUSDT/1m rid=r7
[md-lifecycle] subscribe_sent subject=marketdata.trade/binance/ETHUSDT/raw rid=r8
[md-lifecycle] subscribe_sent subject=marketdata.bookdelta/binance/ETHUSDT/raw rid=r9
[md-lifecycle] subscribe_sent subject=aggregation.stats/binance/ETHUSDT/raw rid=r10
[md-lifecycle] subscribe_sent subject=insights.heatmap_snapshot/binance/ETHUSDT/1m rid=r11
[md-lifecycle] subscribe_sent subject=insights.volume_profile_snapshot/binance/ETHUSDT/1m rid=r12
[md-lifecycle] subscribe_sent subject=aggregation.candle/binance/ETHUSDT/1m rid=r13
[md-lifecycle] subscribe_sent subject=marketdata.trade/binance/SOLUSDT/raw rid=r14
[md-lifecycle] subscribe_sent subject=marketdata.bookdelta/binance/SOLUSDT/raw rid=r15
[md-lifecycle] subscribe_sent subject=aggregation.stats/binance/SOLUSDT/raw rid=r16
[md-lifecycle] subscribe_sent subject=insights.heatmap_snapshot/binance/SOLUSDT/1m rid=r17
[md-lifecycle] subscribe_sent subject=insights.volume_profile_snapshot/binance/SOLUSDT/1m rid=r18
[md-lifecycle] subscribe_sent subject=aggregation.candle/binance/SOLUSDT/1m rid=r19
[soak] subscriptions=18 mode=multi log_ms=5000 duration_s=600
[md-lifecycle] hello_ok proto_ver=1 server_id=4756f1cd-b3ff-4b5e-a5bf-2e65b8548a1c topics=7 venues=5 symbols=0
[md-lifecycle] ack_recv op=hello subject=
[md-lifecycle] ack_recv op=subscribe subject=marketdata.trade/binance/BTCUSDT/raw
[md-lifecycle] ack_recv op=subscribe subject=marketdata.bookdelta/binance/BTCUSDT/raw
[md-lifecycle] ack_recv op=subscribe subject=aggregation.stats/binance/BTCUSDT/raw
[md-lifecycle] ack_recv op=subscribe subject=insights.heatmap_snapshot/binance/BTCUSDT/1m
[md-lifecycle] ack_recv op=subscribe subject=insights.volume_profile_snapshot/binance/BTCUSDT/1m
[md-lifecycle] ack_recv op=subscribe subject=aggregation.candle/binance/BTCUSDT/1m
[md-lifecycle] ack_recv op=subscribe subject=marketdata.trade/binance/ETHUSDT/raw
[md-lifecycle] ack_recv op=subscribe subject=marketdata.bookdelta/binance/ETHUSDT/raw
[md-lifecycle] ack_recv op=subscribe subject=aggregation.stats/binance/ETHUSDT/raw
[md-lifecycle] ack_recv op=subscribe subject=insights.heatmap_snapshot/binance/ETHUSDT/1m
[md-lifecycle] ack_recv op=subscribe subject=insights.volume_profile_snapshot/binance/ETHUSDT/1m
[md-lifecycle] ack_recv op=subscribe subject=aggregation.candle/binance/ETHUSDT/1m
[md-lifecycle] ack_recv op=subscribe subject=marketdata.trade/binance/SOLUSDT/raw
[md-lifecycle] ack_recv op=subscribe subject=marketdata.bookdelta/binance/SOLUSDT/raw
[md-lifecycle] ack_recv op=subscribe subject=aggregation.stats/binance/SOLUSDT/raw
[md-lifecycle] ack_recv op=subscribe subject=insights.heatmap_snapshot/binance/SOLUSDT/1m
[md-lifecycle] ack_recv op=subscribe subject=insights.volume_profile_snapshot/binance/SOLUSDT/1m
[md-lifecycle] ack_recv op=subscribe subject=aggregation.candle/binance/SOLUSDT/1m
[md-lifecycle] first_data_after_connect_ms=41 kind=Orderbook sid=b4d86e5f422ae7ba
[soak] t_ms=39 frame=1 conn=Connected health=No_Data streams=9 active=de887c091c3bfef4 ev=0 fix=0 pend_restore=false subs=18 q=0 qmax=0 cb=0 drop=0 d+0 p=0 rc=0 rc+0 mps=0.0 bps=0 rtt=19 lag=30 last=17 pm=25 pr=25 pb=23534 w[t=0 ob=0/0 st=0 hm=0 vp=0 c=0]
[soak] t_ms=5041 frame=1155 conn=Connected health=OK streams=14 active=de887c091c3bfef4 ev=0 fix=0 pend_restore=false subs=18 q=4 qmax=1 cb=0 drop=0 d+0 p=1 rc=0 rc+0 mps=166.5 bps=216782 rtt=19 lag=29 last=6 pm=593 pr=593 pb=955276 w[t=213 ob=0/0 st=64 hm=6 vp=8 c=19]
[soak] t_ms=10041 frame=1755 conn=Connected health=OK streams=15 active=de887c091c3bfef4 ev=0 fix=0 pend_restore=false subs=18 q=0 qmax=0 cb=0 drop=0 d+0 p=0 rc=0 rc+0 mps=65.6 bps=101020 rtt=19 lag=16 last=21 pm=1183 pr=1183 pb=1862493 w[t=256 ob=0/0 st=64 hm=13 vp=10 c=19]
[soak] t_ms=15041 frame=2355 conn=Connected health=OK streams=16 active=de887c091c3bfef4 ev=0 fix=0 pend_restore=false subs=18 q=2 qmax=0 cb=0 drop=0 d+0 p=0 rc=0 rc+0 mps=161.9 bps=261455 rtt=19 lag=7 last=4 pm=1689 pr=1689 pb=2636440 w[t=256 ob=0/0 st=64 hm=20 vp=14 c=19]
[soak] t_ms=20041 frame=2955 conn=Connected health=OK streams=16 active=de887c091c3bfef4 ev=0 fix=0 pend_restore=false subs=18 q=0 qmax=0 cb=0 drop=0 d+0 p=0 rc=0 rc+0 mps=43.4 bps=72654 rtt=19 lag=2 last=24 pm=1962 pr=1962 pb=3087299 w[t=256 ob=0/0 st=64 hm=26 vp=16 c=19]
[soak] t_ms=25043 frame=3532 conn=Connected health=OK streams=16 active=de887c091c3bfef4 ev=0 fix=0 pend_restore=false subs=18 q=1 qmax=0 cb=0 drop=0 d+0 p=1 rc=0 rc+0 mps=48.4 bps=97965 rtt=19 lag=8 last=9 pm=2328 pr=2328 pb=3650946 w[t=256 ob=0/0 st=64 hm=31 vp=17 c=20]
[soak] t_ms=30044 frame=3832 conn=Connected health=OK streams=16 active=de887c091c3bfef4 ev=0 fix=0 pend_restore=false subs=18 q=1 qmax=0 cb=0 drop=0 d+0 p=2 rc=0 rc+0 mps=43.3 bps=75928 rtt=19 lag=23 last=12 pm=2629 pr=2629 pb=4191405 w[t=256 ob=0/0 st=64 hm=34 vp=17 c=20]
[soak] t_ms=35044 frame=4132 conn=Connected health=OK streams=16 active=de887c091c3bfef4 ev=0 fix=0 pend_restore=false subs=18 q=0 qmax=0 cb=0 drop=0 d+0 p=2 rc=0 rc+0 mps=50.9 bps=72685 rtt=19 lag=2 last=3 pm=3230 pr=3230 pb=5083286 w[t=256 ob=0/0 st=64 hm=37 vp=1 c=20]
[soak] t_ms=40044 frame=4432 conn=Connected health=OK streams=16 active=de887c091c3bfef4 ev=0 fix=0 pend_restore=false subs=18 q=0 qmax=1 cb=0 drop=0 d+0 p=0 rc=0 rc+0 mps=51.8 bps=73805 rtt=19 lag=3 last=78 pm=3524 pr=3524 pb=5610691 w[t=256 ob=0/0 st=64 hm=39 vp=4 c=20]
[soak] t_ms=45061 frame=4733 conn=Connected health=OK streams=16 active=de887c091c3bfef4 ev=0 fix=0 pend_restore=false subs=18 q=0 qmax=0 cb=0 drop=0 d+0 p=1 rc=0 rc+0 mps=87.5 bps=164203 rtt=19 lag=2 last=15 pm=3922 pr=3922 pb=6301480 w[t=256 ob=0/0 st=64 hm=43 vp=7 c=20]
[soak] t_ms=50077 frame=5034 conn=Connected health=OK streams=16 active=de887c091c3bfef4 ev=0 fix=0 pend_restore=false subs=18 q=0 qmax=1 cb=0 drop=0 d+0 p=0 rc=0 rc+0 mps=108.0 bps=199999 rtt=19 lag=2 last=29 pm=4334 pr=4334 pb=7033336 w[t=256 ob=0/0 st=64 hm=46 vp=8 c=20]
[soak] t_ms=55077 frame=5334 conn=Connected health=OK streams=16 active=de887c091c3bfef4 ev=0 fix=0 pend_restore=false subs=18 q=1 qmax=0 cb=0 drop=0 d+0 p=1 rc=0 rc+0 mps=46.3 bps=84617 rtt=19 lag=1 last=11 pm=4621 pr=4621 pb=7530973 w[t=256 ob=0/0 st=64 hm=52 vp=8 c=20]
[soak] t_ms=60078 frame=5634 conn=Connected health=OK streams=16 active=de887c091c3bfef4 ev=0 fix=0 pend_restore=false subs=18 q=0 qmax=0 cb=0 drop=0 d+0 p=0 rc=0 rc+0 mps=62.7 bps=119107 rtt=19 lag=2 last=32 pm=5080 pr=5080 pb=8273293 w[t=256 ob=0/0 st=64 hm=58 vp=11 c=20]
[soak] t_ms=65094 frame=5935 conn=Connected health=OK streams=16 active=de887c091c3bfef4 ev=0 fix=0 pend_restore=false subs=18 q=0 qmax=0 cb=0 drop=0 d+0 p=0 rc=0 rc+0 mps=44.1 bps=90721 rtt=19 lag=1 last=31 pm=5386 pr=5386 pb=8815971 w[t=256 ob=0/0 st=64 hm=64 vp=13 c=20]
[soak] t_ms=70094 frame=6235 conn=Connected health=OK streams=16 active=de887c091c3bfef4 ev=0 fix=0 pend_restore=false subs=18 q=0 qmax=1 cb=0 drop=0 d+0 p=0 rc=0 rc+0 mps=95.1 bps=172577 rtt=19 lag=7 last=38 pm=5798 pr=5798 pb=9581453 w[t=256 ob=0/0 st=64 hm=71 vp=17 c=20]
[soak] t_ms=75095 frame=6535 conn=Connected health=OK streams=16 active=de887c091c3bfef4 ev=0 fix=0 pend_restore=false subs=18 q=2 qmax=1 cb=0 drop=0 d+0 p=1 rc=0 rc+0 mps=190.8 bps=278292 rtt=19 lag=3 last=4 pm=6320 pr=6320 pb=10486655 w[t=256 ob=0/0 st=64 hm=78 vp=17 c=20]
[soak] t_ms=80111 frame=6836 conn=Connected health=OK streams=16 active=de887c091c3bfef4 ev=0 fix=0 pend_restore=false subs=18 q=0 qmax=0 cb=0 drop=0 d+0 p=0 rc=0 rc+0 mps=120.6 bps=205837 rtt=19 lag=10 last=38 pm=6959 pr=6959 pb=11675874 w[t=256 ob=0/0 st=64 hm=83 vp=17 c=20]
[soak] t_ms=85111 frame=7136 conn=Connected health=OK streams=16 active=de887c091c3bfef4 ev=0 fix=0 pend_restore=false subs=18 q=0 qmax=1 cb=0 drop=0 d+0 p=0 rc=0 rc+0 mps=345.2 bps=506108 rtt=19 lag=8 last=0 pm=7657 pr=7656 pb=12852628 w[t=256 ob=0/0 st=64 hm=90 vp=19 c=21]
[soak] t_ms=90125 frame=7565 conn=Connected health=OK streams=16 active=de887c091c3bfef4 ev=0 fix=0 pend_restore=false subs=18 q=1 qmax=0 cb=0 drop=0 d+0 p=0 rc=0 rc+0 mps=57.5 bps=111647 rtt=19 lag=1 last=14 pm=8075 pr=8075 pb=13651950 w[t=256 ob=0/0 st=64 hm=97 vp=20 c=21]
[soak] t_ms=95127 frame=7921 conn=Connected health=OK streams=16 active=de887c091c3bfef4 ev=0 fix=0 pend_restore=false subs=18 q=1 qmax=0 cb=0 drop=0 d+0 p=1 rc=0 rc+0 mps=87.8 bps=216385 rtt=19 lag=1 last=12 pm=8874 pr=8874 pb=14851943 w[t=256 ob=0/0 st=64 hm=103 vp=6 c=21]
[soak] t_ms=100128 frame=8221 conn=Connected health=OK streams=16 active=de887c091c3bfef4 ev=0 fix=0 pend_restore=false subs=18 q=0 qmax=0 cb=0 drop=0 d+0 p=1 rc=0 rc+0 mps=141.2 bps=194744 rtt=19 lag=1 last=7 pm=9269 pr=9269 pb=15452430 w[t=256 ob=0/0 st=64 hm=107 vp=11 c=21]
[soak] t_ms=105144 frame=8522 conn=Connected health=OK streams=16 active=de887c091c3bfef4 ev=0 fix=0 pend_restore=false subs=18 q=0 qmax=0 cb=0 drop=0 d+0 p=0 rc=0 rc+0 mps=54.7 bps=130048 rtt=1 lag=7 last=20 pm=9556 pr=9556 pb=15978799 w[t=256 ob=0/0 st=64 hm=111 vp=17 c=21]
[soak] t_ms=110161 frame=8823 conn=Connected health=OK streams=16 active=de887c091c3bfef4 ev=0 fix=0 pend_restore=false subs=18 q=0 qmax=0 cb=0 drop=0 d+0 p=0 rc=0 rc+0 mps=56.4 bps=84932 rtt=1 lag=4 last=23 pm=9811 pr=9811 pb=16433407 w[t=256 ob=0/0 st=64 hm=117 vp=17 c=21]
[soak] t_ms=115161 frame=9123 conn=Connected health=OK streams=16 active=de887c091c3bfef4 ev=0 fix=0 pend_restore=false subs=18 q=0 qmax=1 cb=0 drop=0 d+0 p=0 rc=0 rc+0 mps=890.0 bps=858157 rtt=1 lag=1 last=46 pm=11428 pr=11428 pb=18475150 w[t=256 ob=0/0 st=64 hm=120 vp=17 c=21]
[soak] t_ms=120178 frame=9424 conn=Connected health=OK streams=16 active=de887c091c3bfef4 ev=0 fix=0 pend_restore=false subs=18 q=16 qmax=0 cb=0 drop=0 d+0 p=0 rc=0 rc+0 mps=186.4 bps=295042 rtt=1 lag=1 last=2 pm=12058 pr=12058 pb=19499092 w[t=256 ob=0/0 st=64 hm=126 vp=17 c=21]
[soak] t_ms=125195 frame=9725 conn=Connected health=OK streams=16 active=de887c091c3bfef4 ev=0 fix=0 pend_restore=false subs=18 q=0 qmax=1 cb=0 drop=0 d+0 p=0 rc=0 rc+0 mps=566.0 bps=651897 rtt=1 lag=2 last=42 pm=13874 pr=13874 pb=21681809 w[t=256 ob=0/0 st=64 hm=128 vp=21 c=21]
[soak] t_ms=130211 frame=10026 conn=Connected health=OK streams=16 active=de887c091c3bfef4 ev=0 fix=0 pend_restore=false subs=18 q=3 qmax=0 cb=0 drop=0 d+0 p=0 rc=0 rc+0 mps=144.5 bps=210209 rtt=1 lag=0 last=4 pm=14336 pr=14336 pb=22471859 w[t=256 ob=0/0 st=64 hm=128 vp=22 c=21]
[soak] t_ms=135212 frame=10403 conn=Connected health=OK streams=16 active=de887c091c3bfef4 ev=0 fix=0 pend_restore=false subs=18 q=0 qmax=0 cb=0 drop=0 d+0 p=0 rc=0 rc+0 mps=76.6 bps=139811 rtt=1 lag=1 last=18 pm=15034 pr=15034 pb=23652903 w[t=256 ob=0/0 st=64 hm=128 vp=35 c=21]
[soak] t_ms=140225 frame=11004 conn=Connected health=OK streams=16 active=de887c091c3bfef4 ev=0 fix=0 pend_restore=false subs=18 q=0 qmax=0 cb=0 drop=0 d+0 p=1 rc=0 rc+0 mps=49.8 bps=91618 rtt=1 lag=2 last=15 pm=15366 pr=15366 pb=24307067 w[t=256 ob=0/0 st=64 hm=128 vp=36 c=21]
[soak] t_ms=145226 frame=11604 conn=Connected health=OK streams=16 active=de887c091c3bfef4 ev=0 fix=0 pend_restore=false subs=18 q=1 qmax=0 cb=0 drop=0 d+0 p=1 rc=0 rc+0 mps=394.8 bps=466963 rtt=1 lag=2 last=5 pm=16922 pr=16922 pb=26486200 w[t=256 ob=0/0 st=64 hm=128 vp=39 c=22]
[soak] t_ms=150226 frame=12202 conn=Connected health=OK streams=16 active=de887c091c3bfef4 ev=0 fix=0 pend_restore=false subs=18 q=0 qmax=0 cb=0 drop=0 d+0 p=0 rc=0 rc+0 mps=75.0 bps=161399 rtt=1 lag=1 last=20 pm=17670 pr=17670 pb=27705548 w[t=256 ob=0/0 st=64 hm=128 vp=42 c=22]
[soak] t_ms=155228 frame=12740 conn=Connected health=OK streams=16 active=de887c091c3bfef4 ev=0 fix=0 pend_restore=false subs=18 q=0 qmax=1 cb=0 drop=0 d+0 p=0 rc=0 rc+0 mps=56.8 bps=152080 rtt=1 lag=5 last=18 pm=18601 pr=18601 pb=29310912 w[t=256 ob=0/0 st=64 hm=128 vp=2 c=22]
[soak] t_ms=160228 frame=13338 conn=Connected health=OK streams=16 active=de887c091c3bfef4 ev=0 fix=0 pend_restore=false subs=18 q=0 qmax=0 cb=0 drop=0 d+0 p=0 rc=0 rc+0 mps=98.2 bps=190911 rtt=1 lag=3 last=11 pm=19231 pr=19231 pb=30266844 w[t=256 ob=0/0 st=64 hm=128 vp=15 c=22]
[soak] t_ms=165228 frame=13938 conn=Connected health=OK streams=16 active=de887c091c3bfef4 ev=0 fix=0 pend_restore=false subs=18 q=1 qmax=0 cb=0 drop=0 d+0 p=0 rc=0 rc+0 mps=107.1 bps=212796 rtt=1 lag=1 last=1 pm=19654 pr=19654 pb=30979368 w[t=256 ob=0/0 st=64 hm=128 vp=15 c=22]
[soak] t_ms=170242 frame=14539 conn=Connected health=OK streams=16 active=de887c091c3bfef4 ev=0 fix=0 pend_restore=false subs=18 q=0 qmax=0 cb=0 drop=0 d+0 p=0 rc=0 rc+0 mps=60.9 bps=108931 rtt=1 lag=2 last=35 pm=20267 pr=20267 pb=31929720 w[t=256 ob=0/0 st=64 hm=128 vp=23 c=22]
[soak] t_ms=175244 frame=15140 conn=Connected health=OK streams=16 active=de887c091c3bfef4 ev=0 fix=0 pend_restore=false subs=18 q=0 qmax=0 cb=0 drop=0 d+0 p=0 rc=0 rc+0 mps=50.1 bps=99352 rtt=1 lag=1 last=15 pm=20620 pr=20620 pb=32576535 w[t=256 ob=0/0 st=64 hm=128 vp=24 c=22]
[soak] t_ms=180259 frame=15739 conn=Connected health=OK streams=16 active=de887c091c3bfef4 ev=0 fix=0 pend_restore=false subs=18 q=3 qmax=1 cb=0 drop=0 d+0 p=1 rc=0 rc+0 mps=190.0 bps=264710 rtt=1 lag=0 last=5 pm=21133 pr=21133 pb=33410674 w[t=256 ob=0/0 st=64 hm=128 vp=24 c=22]
[soak] t_ms=185259 frame=16339 conn=Connected health=OK streams=16 active=de887c091c3bfef4 ev=0 fix=0 pend_restore=false subs=18 q=0 qmax=0 cb=0 drop=0 d+0 p=0 rc=0 rc+0 mps=109.7 bps=173071 rtt=1 lag=2 last=15 pm=21529 pr=21529 pb=34052948 w[t=256 ob=0/0 st=64 hm=128 vp=25 c=22]
[soak] t_ms=190259 frame=16939 conn=Connected health=OK streams=16 active=de887c091c3bfef4 ev=0 fix=0 pend_restore=false subs=18 q=0 qmax=0 cb=0 drop=0 d+0 p=1 rc=0 rc+0 mps=54.2 bps=91393 rtt=1 lag=2 last=13 pm=22050 pr=22050 pb=34897942 w[t=256 ob=0/0 st=64 hm=128 vp=25 c=22]
[soak] t_ms=195259 frame=17539 conn=Connected health=OK streams=16 active=de887c091c3bfef4 ev=0 fix=0 pend_restore=false subs=18 q=16 qmax=0 cb=0 drop=0 d+0 p=0 rc=0 rc+0 mps=69.0 bps=138428 rtt=1 lag=1 last=0 pm=22649 pr=22649 pb=35842266 w[t=256 ob=0/0 st=64 hm=128 vp=25 c=22]
[soak] t_ms=200259 frame=18139 conn=Connected health=OK streams=16 active=de887c091c3bfef4 ev=0 fix=0 pend_restore=false subs=18 q=0 qmax=0 cb=0 drop=0 d+0 p=0 rc=0 rc+0 mps=87.4 bps=147810 rtt=1 lag=0 last=30 pm=23251 pr=23251 pb=36835144 w[t=256 ob=0/0 st=64 hm=128 vp=26 c=22]
[soak] t_ms=205259 frame=18739 conn=Connected health=OK streams=16 active=de887c091c3bfef4 ev=0 fix=0 pend_restore=false subs=18 q=3 qmax=0 cb=0 drop=0 d+0 p=0 rc=0 rc+0 mps=83.4 bps=172324 rtt=1 lag=0 last=4 pm=23837 pr=23837 pb=37871401 w[t=256 ob=0/0 st=64 hm=128 vp=30 c=23]
[soak] t_ms=210262 frame=19340 conn=Connected health=OK streams=16 active=de887c091c3bfef4 ev=0 fix=0 pend_restore=false subs=18 q=0 qmax=0 cb=0 drop=0 d+0 p=0 rc=0 rc+0 mps=86.5 bps=191062 rtt=1 lag=1 last=15 pm=24449 pr=24449 pb=39078024 w[t=256 ob=0/0 st=64 hm=128 vp=36 c=23]
[soak] t_ms=215276 frame=19941 conn=Connected health=OK streams=16 active=de887c091c3bfef4 ev=0 fix=0 pend_restore=false subs=18 q=0 qmax=0 cb=0 drop=0 d+0 p=0 rc=0 rc+0 mps=73.9 bps=138420 rtt=1 lag=2 last=49 pm=24831 pr=24831 pb=39806169 w[t=256 ob=0/0 st=64 hm=128 vp=3 c=23]
[soak] t_ms=220276 frame=20541 conn=Connected health=OK streams=16 active=de887c091c3bfef4 ev=0 fix=0 pend_restore=false subs=18 q=1 qmax=1 cb=0 drop=0 d+0 p=0 rc=0 rc+0 mps=154.3 bps=210350 rtt=1 lag=1 last=2 pm=25584 pr=25584 pb=40859694 w[t=256 ob=0/0 st=64 hm=128 vp=11 c=23]
[soak] t_ms=225276 frame=21141 conn=Connected health=OK streams=16 active=de887c091c3bfef4 ev=0 fix=0 pend_restore=false subs=18 q=0 qmax=0 cb=0 drop=0 d+0 p=0 rc=0 rc+0 mps=107.2 bps=186324 rtt=1 lag=2 last=31 pm=26157 pr=26157 pb=41876767 w[t=256 ob=0/0 st=64 hm=128 vp=19 c=23]
[soak] t_ms=230276 frame=21740 conn=Connected health=OK streams=16 active=de887c091c3bfef4 ev=0 fix=0 pend_restore=false subs=18 q=1 qmax=0 cb=0 drop=0 d+0 p=1 rc=0 rc+0 mps=60.4 bps=89008 rtt=1 lag=1 last=5 pm=26487 pr=26487 pb=42476150 w[t=256 ob=0/0 st=64 hm=128 vp=20 c=23]
[soak] t_ms=235276 frame=22340 conn=Connected health=OK streams=16 active=de887c091c3bfef4 ev=0 fix=0 pend_restore=false subs=18 q=0 qmax=0 cb=0 drop=0 d+0 p=0 rc=0 rc+0 mps=57.0 bps=97404 rtt=1 lag=1 last=19 pm=26802 pr=26802 pb=43030697 w[t=256 ob=0/0 st=64 hm=128 vp=20 c=23]
[soak] t_ms=240277 frame=22881 conn=Connected health=OK streams=16 active=de887c091c3bfef4 ev=0 fix=0 pend_restore=false subs=18 q=0 qmax=0 cb=0 drop=0 d+0 p=0 rc=0 rc+0 mps=58.9 bps=79964 rtt=1 lag=1 last=21 pm=27114 pr=27114 pb=43575142 w[t=256 ob=0/0 st=64 hm=128 vp=22 c=23]
[soak] t_ms=245277 frame=23250 conn=Connected health=OK streams=16 active=de887c091c3bfef4 ev=0 fix=0 pend_restore=false subs=18 q=0 qmax=0 cb=0 drop=0 d+0 p=0 rc=0 rc+0 mps=48.0 bps=79298 rtt=1 lag=1 last=44 pm=27434 pr=27434 pb=44156325 w[t=256 ob=0/0 st=64 hm=128 vp=22 c=23]
[soak] t_ms=250279 frame=23550 conn=Connected health=OK streams=16 active=de887c091c3bfef4 ev=0 fix=0 pend_restore=false subs=18 q=1 qmax=0 cb=0 drop=0 d+0 p=0 rc=0 rc+0 mps=50.4 bps=90888 rtt=1 lag=1 last=2 pm=27678 pr=27678 pb=44568253 w[t=256 ob=0/0 st=64 hm=128 vp=22 c=23]
[soak] t_ms=255293 frame=24101 conn=Connected health=OK streams=16 active=de887c091c3bfef4 ev=0 fix=0 pend_restore=false subs=18 q=1 qmax=1 cb=0 drop=0 d+0 p=0 rc=0 rc+0 mps=172.3 bps=279399 rtt=1 lag=1 last=4 pm=28118 pr=28118 pb=45348626 w[t=256 ob=0/0 st=64 hm=128 vp=22 c=23]
[soak] t_ms=260295 frame=24702 conn=Connected health=OK streams=16 active=de887c091c3bfef4 ev=0 fix=0 pend_restore=false subs=18 q=0 qmax=1 cb=0 drop=0 d+0 p=0 rc=0 rc+0 mps=54.6 bps=130857 rtt=1 lag=5 last=34 pm=28761 pr=28761 pb=46380078 w[t=256 ob=0/0 st=64 hm=128 vp=22 c=23]
[soak] t_ms=265295 frame=25302 conn=Connected health=OK streams=16 active=de887c091c3bfef4 ev=0 fix=0 pend_restore=false subs=18 q=0 qmax=0 cb=0 drop=0 d+0 p=1 rc=0 rc+0 mps=158.4 bps=342498 rtt=2 lag=3 last=1 pm=29208 pr=29208 pb=47372752 w[t=256 ob=0/0 st=64 hm=128 vp=22 c=24]
[soak] t_ms=270295 frame=25902 conn=Connected health=OK streams=16 active=de887c091c3bfef4 ev=0 fix=0 pend_restore=false subs=18 q=0 qmax=0 cb=0 drop=0 d+0 p=0 rc=0 rc+0 mps=128.7 bps=236168 rtt=2 lag=3 last=59 pm=29755 pr=29755 pb=48369053 w[t=256 ob=0/0 st=64 hm=128 vp=27 c=24]
[soak] t_ms=275296 frame=26502 conn=Connected health=OK streams=16 active=de887c091c3bfef4 ev=0 fix=0 pend_restore=false subs=18 q=0 qmax=0 cb=0 drop=0 d+0 p=0 rc=0 rc+0 mps=69.3 bps=105698 rtt=2 lag=1 last=14 pm=30033 pr=30033 pb=48897841 w[t=256 ob=0/0 st=64 hm=128 vp=29 c=24]
[soak] t_ms=280310 frame=27103 conn=Connected health=OK streams=16 active=de887c091c3bfef4 ev=0 fix=0 pend_restore=false subs=18 q=0 qmax=0 cb=0 drop=0 d+0 p=0 rc=0 rc+0 mps=67.2 bps=107430 rtt=2 lag=1 last=36 pm=30475 pr=30475 pb=49664710 w[t=256 ob=0/0 st=64 hm=128 vp=8 c=24]
[soak] t_ms=285310 frame=27703 conn=Connected health=OK streams=16 active=de887c091c3bfef4 ev=0 fix=0 pend_restore=false subs=18 q=0 qmax=0 cb=0 drop=0 d+0 p=1 rc=0 rc+0 mps=182.4 bps=479936 rtt=2 lag=4 last=2 pm=31052 pr=31052 pb=50597682 w[t=256 ob=0/0 st=64 hm=128 vp=10 c=24]
[soak] t_ms=290310 frame=28303 conn=Connected health=OK streams=16 active=de887c091c3bfef4 ev=0 fix=0 pend_restore=false subs=18 q=0 qmax=0 cb=0 drop=0 d+0 p=0 rc=0 rc+0 mps=55.3 bps=119545 rtt=2 lag=3 last=44 pm=31384 pr=31384 pb=51203707 w[t=256 ob=0/0 st=64 hm=128 vp=10 c=24]
[soak] t_ms=295310 frame=28903 conn=Connected health=OK streams=16 active=de887c091c3bfef4 ev=0 fix=0 pend_restore=false subs=18 q=0 qmax=0 cb=0 drop=0 d+0 p=0 rc=0 rc+0 mps=128.0 bps=221666 rtt=2 lag=0 last=31 pm=31879 pr=31879 pb=52042593 w[t=256 ob=0/0 st=64 hm=128 vp=10 c=24]
[soak] t_ms=300310 frame=29503 conn=Connected health=OK streams=16 active=de887c091c3bfef4 ev=0 fix=0 pend_restore=false subs=18 q=0 qmax=0 cb=0 drop=0 d+0 p=0 rc=0 rc+0 mps=106.5 bps=157134 rtt=2 lag=4 last=21 pm=32371 pr=32371 pb=52820757 w[t=256 ob=0/0 st=64 hm=128 vp=15 c=24]
[soak] t_ms=305314 frame=29907 conn=Connected health=OK streams=16 active=de887c091c3bfef4 ev=0 fix=0 pend_restore=false subs=18 q=0 qmax=0 cb=0 drop=0 d+0 p=1 rc=0 rc+0 mps=41.4 bps=72005 rtt=1 lag=2 last=14 pm=32710 pr=32710 pb=53363759 w[t=256 ob=0/0 st=64 hm=128 vp=17 c=24]
[soak] t_ms=310327 frame=30254 conn=Connected health=OK streams=16 active=de887c091c3bfef4 ev=0 fix=0 pend_restore=false subs=18 q=0 qmax=0 cb=0 drop=0 d+0 p=2 rc=0 rc+0 mps=50.8 bps=123560 rtt=1 lag=1 last=2 pm=33634 pr=33634 pb=54691181 w[t=256 ob=0/0 st=64 hm=128 vp=19 c=24]
[soak] t_ms=315327 frame=30854 conn=Connected health=OK streams=16 active=de887c091c3bfef4 ev=0 fix=0 pend_restore=false subs=18 q=0 qmax=0 cb=0 drop=0 d+0 p=2 rc=0 rc+0 mps=50.8 bps=99441 rtt=1 lag=4 last=10 pm=34092 pr=34092 pb=55528834 w[t=256 ob=0/0 st=64 hm=128 vp=20 c=24]
[soak] t_ms=320327 frame=31454 conn=Connected health=OK streams=16 active=de887c091c3bfef4 ev=0 fix=0 pend_restore=false subs=18 q=0 qmax=0 cb=0 drop=0 d+0 p=0 rc=0 rc+0 mps=45.7 bps=83566 rtt=1 lag=1 last=19 pm=34574 pr=34574 pb=56353085 w[t=256 ob=0/0 st=64 hm=128 vp=23 c=24]
[soak] t_ms=325327 frame=32054 conn=Connected health=OK streams=16 active=de887c091c3bfef4 ev=0 fix=0 pend_restore=false subs=18 q=1 qmax=1 cb=0 drop=0 d+0 p=0 rc=0 rc+0 mps=307.1 bps=722650 rtt=1 lag=0 last=12 pm=35584 pr=35584 pb=57770181 w[t=256 ob=0/0 st=64 hm=128 vp=23 c=25]
[soak] t_ms=330327 frame=32654 conn=Connected health=OK streams=16 active=de887c091c3bfef4 ev=0 fix=0 pend_restore=false subs=18 q=6 qmax=1 cb=0 drop=0 d+0 p=1 rc=0 rc+0 mps=274.0 bps=270175 rtt=1 lag=1 last=1 pm=36564 pr=36564 pb=59216450 w[t=256 ob=0/0 st=64 hm=128 vp=28 c=25]
[soak] t_ms=335328 frame=33253 conn=Connected health=OK streams=16 active=de887c091c3bfef4 ev=0 fix=0 pend_restore=false subs=18 q=7 qmax=0 cb=0 drop=0 d+0 p=1 rc=0 rc+0 mps=56.8 bps=139429 rtt=1 lag=1 last=8 pm=37253 pr=37253 pb=60553258 w[t=256 ob=0/0 st=64 hm=128 vp=5 c=25]
[soak] t_ms=340330 frame=33854 conn=Connected health=OK streams=16 active=de887c091c3bfef4 ev=0 fix=0 pend_restore=false subs=18 q=0 qmax=0 cb=0 drop=0 d+0 p=0 rc=0 rc+0 mps=51.9 bps=103819 rtt=1 lag=7 last=23 pm=37828 pr=37828 pb=61432418 w[t=256 ob=0/0 st=64 hm=128 vp=8 c=25]
[soak] t_ms=345344 frame=34455 conn=Connected health=OK streams=16 active=de887c091c3bfef4 ev=0 fix=0 pend_restore=false subs=18 q=0 qmax=0 cb=0 drop=0 d+0 p=0 rc=0 rc+0 mps=85.8 bps=156750 rtt=1 lag=8 last=29 pm=38409 pr=38409 pb=62395033 w[t=256 ob=0/0 st=64 hm=128 vp=12 c=25]
[soak] t_ms=350344 frame=35055 conn=Connected health=OK streams=16 active=de887c091c3bfef4 ev=0 fix=0 pend_restore=false subs=18 q=0 qmax=1 cb=0 drop=0 d+0 p=0 rc=0 rc+0 mps=401.0 bps=276306 rtt=1 lag=5 last=48 pm=39394 pr=39394 pb=63706443 w[t=256 ob=0/0 st=64 hm=128 vp=13 c=25]
[soak] t_ms=355346 frame=35656 conn=Connected health=OK streams=16 active=de887c091c3bfef4 ev=0 fix=0 pend_restore=false subs=18 q=0 qmax=0 cb=0 drop=0 d+0 p=0 rc=0 rc+0 mps=240.5 bps=273878 rtt=1 lag=5 last=6 pm=39881 pr=39881 pb=64468069 w[t=256 ob=0/0 st=64 hm=128 vp=13 c=25]
[soak] t_ms=360346 frame=36256 conn=Connected health=OK streams=16 active=de887c091c3bfef4 ev=0 fix=0 pend_restore=false subs=18 q=0 qmax=1 cb=0 drop=0 d+0 p=0 rc=0 rc+0 mps=142.2 bps=225235 rtt=1 lag=0 last=15 pm=40536 pr=40536 pb=65493268 w[t=256 ob=0/0 st=64 hm=128 vp=15 c=25]
[soak] t_ms=365361 frame=36857 conn=Connected health=OK streams=16 active=de887c091c3bfef4 ev=0 fix=0 pend_restore=false subs=18 q=0 qmax=0 cb=0 drop=0 d+0 p=0 rc=0 rc+0 mps=83.0 bps=120488 rtt=1 lag=1 last=31 pm=40945 pr=40945 pb=66247371 w[t=256 ob=0/0 st=64 hm=128 vp=15 c=25]
[soak] t_ms=370364 frame=37458 conn=Connected health=OK streams=16 active=de887c091c3bfef4 ev=0 fix=0 pend_restore=false subs=18 q=0 qmax=1 cb=0 drop=0 d+0 p=0 rc=0 rc+0 mps=121.9 bps=217700 rtt=1 lag=1 last=14 pm=41387 pr=41387 pb=67013149 w[t=256 ob=0/0 st=64 hm=128 vp=16 c=25]
[soak] t_ms=375378 frame=38058 conn=Connected health=OK streams=16 active=de887c091c3bfef4 ev=0 fix=0 pend_restore=false subs=18 q=0 qmax=1 cb=0 drop=0 d+0 p=1 rc=0 rc+0 mps=104.0 bps=165933 rtt=1 lag=1 last=1 pm=41880 pr=41880 pb=67886322 w[t=256 ob=0/0 st=64 hm=128 vp=20 c=25]
[soak] t_ms=380378 frame=38658 conn=Connected health=OK streams=16 active=de887c091c3bfef4 ev=0 fix=0 pend_restore=false subs=18 q=0 qmax=0 cb=0 drop=0 d+0 p=0 rc=0 rc+0 mps=70.9 bps=143574 rtt=1 lag=1 last=66 pm=42202 pr=42202 pb=68489967 w[t=256 ob=0/0 st=64 hm=128 vp=20 c=25]
[soak] t_ms=385378 frame=39258 conn=Connected health=OK streams=16 active=de887c091c3bfef4 ev=0 fix=0 pend_restore=false subs=18 q=0 qmax=0 cb=0 drop=0 d+0 p=0 rc=0 rc+0 mps=145.5 bps=258687 rtt=1 lag=1 last=29 pm=42705 pr=42705 pb=69355100 w[t=256 ob=0/0 st=64 hm=128 vp=20 c=26]
[soak] t_ms=390378 frame=39858 conn=Connected health=OK streams=16 active=de887c091c3bfef4 ev=0 fix=0 pend_restore=false subs=18 q=0 qmax=1 cb=0 drop=0 d+0 p=1 rc=0 rc+0 mps=70.2 bps=121374 rtt=1 lag=1 last=9 pm=43070 pr=43070 pb=70077853 w[t=256 ob=0/0 st=64 hm=128 vp=20 c=26]
[soak] t_ms=395380 frame=40459 conn=Connected health=OK streams=16 active=de887c091c3bfef4 ev=0 fix=0 pend_restore=false subs=18 q=0 qmax=0 cb=0 drop=0 d+0 p=0 rc=0 rc+0 mps=104.5 bps=204185 rtt=1 lag=0 last=53 pm=43463 pr=43463 pb=70804625 w[t=256 ob=0/0 st=64 hm=128 vp=2 c=26]
[soak] t_ms=400395 frame=41060 conn=Connected health=OK streams=16 active=de887c091c3bfef4 ev=0 fix=0 pend_restore=false subs=18 q=0 qmax=1 cb=0 drop=0 d+0 p=0 rc=0 rc+0 mps=146.0 bps=189186 rtt=1 lag=5 last=44 pm=43934 pr=43934 pb=71541152 w[t=256 ob=0/0 st=64 hm=128 vp=8 c=26]
[soak] t_ms=405395 frame=41660 conn=Connected health=OK streams=16 active=de887c091c3bfef4 ev=0 fix=0 pend_restore=false subs=18 q=0 qmax=0 cb=0 drop=0 d+0 p=0 rc=0 rc+0 mps=121.8 bps=190859 rtt=1 lag=5 last=33 pm=44314 pr=44314 pb=72179197 w[t=256 ob=0/0 st=64 hm=128 vp=9 c=26]
[soak] t_ms=410395 frame=42260 conn=Connected health=OK streams=16 active=de887c091c3bfef4 ev=0 fix=0 pend_restore=false subs=18 q=0 qmax=0 cb=0 drop=0 d+0 p=1 rc=0 rc+0 mps=50.9 bps=87906 rtt=1 lag=2 last=13 pm=44578 pr=44578 pb=72662342 w[t=256 ob=0/0 st=64 hm=128 vp=11 c=26]
[soak] t_ms=415397 frame=42861 conn=Connected health=OK streams=16 active=de887c091c3bfef4 ev=0 fix=0 pend_restore=false subs=18 q=0 qmax=0 cb=0 drop=0 d+0 p=1 rc=0 rc+0 mps=57.8 bps=106936 rtt=1 lag=2 last=0 pm=44875 pr=44875 pb=73153147 w[t=256 ob=0/0 st=64 hm=128 vp=14 c=26]
[soak] t_ms=420411 frame=43237 conn=Connected health=OK streams=16 active=de887c091c3bfef4 ev=0 fix=0 pend_restore=false subs=18 q=2 qmax=0 cb=0 drop=0 d+0 p=0 rc=0 rc+0 mps=81.3 bps=136171 rtt=1 lag=1 last=1 pm=45282 pr=45282 pb=73851052 w[t=256 ob=0/0 st=64 hm=128 vp=14 c=26]
[soak] t_ms=425412 frame=43656 conn=Connected health=OK streams=16 active=de887c091c3bfef4 ev=0 fix=0 pend_restore=false subs=18 q=0 qmax=1 cb=0 drop=0 d+0 p=1 rc=0 rc+0 mps=94.5 bps=129920 rtt=1 lag=1 last=3 pm=45750 pr=45750 pb=74573121 w[t=256 ob=0/0 st=64 hm=128 vp=16 c=26]
[soak] t_ms=430412 frame=44256 conn=Connected health=OK streams=16 active=de887c091c3bfef4 ev=0 fix=0 pend_restore=false subs=18 q=0 qmax=1 cb=0 drop=0 d+0 p=1 rc=0 rc+0 mps=68.0 bps=97440 rtt=1 lag=11 last=6 pm=46126 pr=46126 pb=75178632 w[t=256 ob=0/0 st=64 hm=128 vp=22 c=26]
[soak] t_ms=435412 frame=44856 conn=Connected health=OK streams=16 active=de887c091c3bfef4 ev=0 fix=0 pend_restore=false subs=18 q=0 qmax=0 cb=0 drop=0 d+0 p=1 rc=0 rc+0 mps=58.7 bps=105218 rtt=1 lag=2 last=2 pm=46505 pr=46505 pb=75851176 w[t=256 ob=0/0 st=64 hm=128 vp=23 c=26]
[soak] t_ms=440412 frame=45456 conn=Connected health=OK streams=16 active=de887c091c3bfef4 ev=0 fix=0 pend_restore=false subs=18 q=1 qmax=1 cb=0 drop=0 d+0 p=1 rc=0 rc+0 mps=213.9 bps=329721 rtt=1 lag=4 last=10 pm=47145 pr=47145 pb=76808805 w[t=256 ob=0/0 st=64 hm=128 vp=23 c=26]
[soak] t_ms=445414 frame=46057 conn=Connected health=OK streams=16 active=de887c091c3bfef4 ev=0 fix=0 pend_restore=false subs=18 q=0 qmax=0 cb=0 drop=0 d+0 p=0 rc=0 rc+0 mps=57.7 bps=133015 rtt=1 lag=2 last=8 pm=47519 pr=47519 pb=77565736 w[t=256 ob=0/0 st=64 hm=128 vp=23 c=27]
[soak] t_ms=450416 frame=46657 conn=Connected health=OK streams=16 active=de887c091c3bfef4 ev=0 fix=0 pend_restore=false subs=18 q=0 qmax=0 cb=0 drop=0 d+0 p=0 rc=0 rc+0 mps=52.8 bps=91093 rtt=1 lag=1 last=11 pm=47900 pr=47900 pb=78219676 w[t=256 ob=0/0 st=64 hm=128 vp=25 c=27]
[soak] t_ms=455429 frame=47258 conn=Connected health=OK streams=16 active=de887c091c3bfef4 ev=0 fix=0 pend_restore=false subs=18 q=0 qmax=0 cb=0 drop=0 d+0 p=1 rc=0 rc+0 mps=55.1 bps=102266 rtt=1 lag=5 last=14 pm=48347 pr=48347 pb=78939042 w[t=256 ob=0/0 st=64 hm=128 vp=1 c=27]
[soak] t_ms=460444 frame=47791 conn=Connected health=OK streams=16 active=de887c091c3bfef4 ev=0 fix=0 pend_restore=false subs=18 q=1 qmax=0 cb=0 drop=0 d+0 p=1 rc=0 rc+0 mps=22.9 bps=44782 rtt=1 lag=3 last=7 pm=48621 pr=48621 pb=79405181 w[t=256 ob=0/0 st=64 hm=128 vp=3 c=27]
[soak] t_ms=465444 frame=48091 conn=Connected health=OK streams=16 active=de887c091c3bfef4 ev=0 fix=0 pend_restore=false subs=18 q=0 qmax=0 cb=0 drop=0 d+0 p=1 rc=0 rc+0 mps=47.8 bps=79538 rtt=1 lag=1 last=16 pm=48967 pr=48967 pb=79984304 w[t=256 ob=0/0 st=64 hm=128 vp=4 c=27]
[soak] t_ms=470461 frame=48392 conn=Connected health=OK streams=16 active=de887c091c3bfef4 ev=0 fix=0 pend_restore=false subs=18 q=0 qmax=0 cb=0 drop=0 d+0 p=0 rc=0 rc+0 mps=49.6 bps=86839 rtt=1 lag=6 last=41 pm=49380 pr=49380 pb=80628955 w[t=256 ob=0/0 st=64 hm=128 vp=6 c=27]
[soak] t_ms=475477 frame=48693 conn=Connected health=OK streams=16 active=de887c091c3bfef4 ev=0 fix=0 pend_restore=false subs=18 q=0 qmax=0 cb=0 drop=0 d+0 p=0 rc=0 rc+0 mps=44.0 bps=69232 rtt=1 lag=3 last=51 pm=49765 pr=49765 pb=81240907 w[t=256 ob=0/0 st=64 hm=128 vp=7 c=27]
[soak] t_ms=480478 frame=48993 conn=Connected health=OK streams=16 active=de887c091c3bfef4 ev=0 fix=0 pend_restore=false subs=18 q=1 qmax=0 cb=0 drop=0 d+0 p=0 rc=0 rc+0 mps=33.2 bps=48808 rtt=1 lag=0 last=12 pm=49984 pr=49984 pb=81591497 w[t=256 ob=0/0 st=64 hm=128 vp=7 c=27]
[soak] t_ms=485478 frame=49293 conn=Connected health=OK streams=16 active=de887c091c3bfef4 ev=0 fix=0 pend_restore=false subs=18 q=0 qmax=1 cb=0 drop=0 d+0 p=1 rc=0 rc+0 mps=119.9 bps=138238 rtt=1 lag=6 last=4 pm=50424 pr=50424 pb=82329384 w[t=256 ob=0/0 st=64 hm=128 vp=9 c=27]
[soak] t_ms=490494 frame=49594 conn=Connected health=OK streams=16 active=de887c091c3bfef4 ev=0 fix=0 pend_restore=false subs=18 q=0 qmax=0 cb=0 drop=0 d+0 p=1 rc=0 rc+0 mps=55.8 bps=82361 rtt=1 lag=3 last=12 pm=50744 pr=50744 pb=82942778 w[t=256 ob=0/0 st=64 hm=128 vp=9 c=27]
[soak] t_ms=495511 frame=49895 conn=Connected health=OK streams=16 active=de887c091c3bfef4 ev=0 fix=0 pend_restore=false subs=18 q=0 qmax=0 cb=0 drop=0 d+0 p=0 rc=0 rc+0 mps=54.8 bps=102730 rtt=1 lag=1 last=24 pm=51280 pr=51280 pb=83903015 w[t=256 ob=0/0 st=64 hm=128 vp=10 c=27]
[soak] t_ms=500528 frame=50196 conn=Connected health=OK streams=16 active=de887c091c3bfef4 ev=0 fix=0 pend_restore=false subs=18 q=1 qmax=0 cb=0 drop=0 d+0 p=1 rc=0 rc+0 mps=61.3 bps=135887 rtt=1 lag=1 last=15 pm=52068 pr=52068 pb=85078735 w[t=256 ob=0/0 st=64 hm=128 vp=10 c=27]
[soak] t_ms=505528 frame=50496 conn=Connected health=OK streams=16 active=de887c091c3bfef4 ev=0 fix=0 pend_restore=false subs=18 q=0 qmax=0 cb=0 drop=0 d+0 p=1 rc=0 rc+0 mps=59.8 bps=151731 rtt=1 lag=4 last=5 pm=52395 pr=52395 pb=85760881 w[t=256 ob=0/0 st=64 hm=128 vp=15 c=28]
[soak] t_ms=510528 frame=50796 conn=Connected health=OK streams=16 active=de887c091c3bfef4 ev=0 fix=0 pend_restore=false subs=18 q=0 qmax=0 cb=0 drop=0 d+0 p=0 rc=0 rc+0 mps=134.8 bps=202606 rtt=1 lag=1 last=47 pm=52974 pr=52974 pb=86744542 w[t=256 ob=0/0 st=64 hm=128 vp=19 c=28]
[soak] t_ms=515544 frame=51097 conn=Connected health=OK streams=16 active=de887c091c3bfef4 ev=0 fix=0 pend_restore=false subs=18 q=1 qmax=0 cb=0 drop=0 d+0 p=0 rc=0 rc+0 mps=49.9 bps=87683 rtt=1 lag=1 last=3 pm=53208 pr=53208 pb=87189562 w[t=256 ob=0/0 st=64 hm=128 vp=20 c=28]
[soak] t_ms=520544 frame=51397 conn=Connected health=OK streams=16 active=de887c091c3bfef4 ev=0 fix=0 pend_restore=false subs=18 q=0 qmax=0 cb=0 drop=0 d+0 p=1 rc=0 rc+0 mps=49.8 bps=85588 rtt=1 lag=4 last=0 pm=53612 pr=53612 pb=87916279 w[t=256 ob=0/0 st=64 hm=128 vp=6 c=28]
[soak] t_ms=525560 frame=51698 conn=Connected health=OK streams=16 active=de887c091c3bfef4 ev=0 fix=0 pend_restore=false subs=18 q=0 qmax=0 cb=0 drop=0 d+0 p=1 rc=0 rc+0 mps=47.9 bps=122230 rtt=1 lag=2 last=2 pm=53993 pr=53993 pb=88627409 w[t=256 ob=0/0 st=64 hm=128 vp=6 c=28]
[soak] t_ms=530560 frame=51998 conn=Connected health=OK streams=16 active=de887c091c3bfef4 ev=0 fix=0 pend_restore=false subs=18 q=2 qmax=1 cb=0 drop=0 d+0 p=2 rc=0 rc+0 mps=63.9 bps=113083 rtt=1 lag=1 last=6 pm=54351 pr=54351 pb=89249104 w[t=256 ob=0/0 st=64 hm=128 vp=9 c=28]
[soak] t_ms=535561 frame=52298 conn=Connected health=OK streams=16 active=de887c091c3bfef4 ev=0 fix=0 pend_restore=false subs=18 q=0 qmax=1 cb=0 drop=0 d+0 p=1 rc=0 rc+0 mps=73.0 bps=129487 rtt=1 lag=3 last=13 pm=54704 pr=54704 pb=89882345 w[t=256 ob=0/0 st=64 hm=128 vp=15 c=28]
[soak] t_ms=540578 frame=52599 conn=Connected health=OK streams=16 active=de887c091c3bfef4 ev=0 fix=0 pend_restore=false subs=18 q=0 qmax=1 cb=0 drop=0 d+0 p=0 rc=0 rc+0 mps=68.8 bps=146974 rtt=1 lag=3 last=28 pm=55230 pr=55230 pb=90717340 w[t=256 ob=0/0 st=64 hm=128 vp=15 c=28]
[soak] t_ms=545594 frame=52900 conn=Connected health=OK streams=16 active=de887c091c3bfef4 ev=0 fix=0 pend_restore=false subs=18 q=0 qmax=0 cb=0 drop=0 d+0 p=0 rc=0 rc+0 mps=239.0 bps=363883 rtt=1 lag=8 last=19 pm=56124 pr=56124 pb=92306447 w[t=256 ob=0/0 st=64 hm=128 vp=18 c=28]
[soak] t_ms=550594 frame=53200 conn=Connected health=OK streams=16 active=de887c091c3bfef4 ev=0 fix=0 pend_restore=false subs=18 q=0 qmax=0 cb=0 drop=0 d+0 p=0 rc=0 rc+0 mps=77.2 bps=153155 rtt=1 lag=1 last=32 pm=56743 pr=56743 pb=93370279 w[t=256 ob=0/0 st=64 hm=128 vp=18 c=28]
[soak] t_ms=555610 frame=53501 conn=Connected health=OK streams=16 active=de887c091c3bfef4 ev=0 fix=0 pend_restore=false subs=18 q=0 qmax=0 cb=0 drop=0 d+0 p=1 rc=0 rc+0 mps=53.7 bps=107005 rtt=1 lag=2 last=15 pm=57047 pr=57047 pb=93931592 w[t=256 ob=0/0 st=64 hm=128 vp=25 c=28]
[soak] t_ms=560611 frame=53801 conn=Connected health=OK streams=16 active=de887c091c3bfef4 ev=0 fix=0 pend_restore=false subs=18 q=0 qmax=1 cb=0 drop=0 d+0 p=0 rc=0 rc+0 mps=117.8 bps=197879 rtt=1 lag=0 last=28 pm=57572 pr=57572 pb=94820638 w[t=256 ob=0/0 st=64 hm=128 vp=25 c=28]
[soak] t_ms=565628 frame=54102 conn=Connected health=OK streams=16 active=de887c091c3bfef4 ev=0 fix=0 pend_restore=false subs=18 q=0 qmax=0 cb=0 drop=0 d+0 p=1 rc=0 rc+0 mps=152.7 bps=318085 rtt=1 lag=2 last=1 pm=57992 pr=57992 pb=95701992 w[t=256 ob=0/0 st=64 hm=128 vp=25 c=29]
[soak] t_ms=570644 frame=54403 conn=Connected health=OK streams=16 active=de887c091c3bfef4 ev=0 fix=0 pend_restore=false subs=18 q=1 qmax=1 cb=0 drop=0 d+0 p=0 rc=0 rc+0 mps=286.7 bps=442600 rtt=1 lag=1 last=15 pm=58478 pr=58478 pb=96598923 w[t=256 ob=0/0 st=64 hm=128 vp=25 c=29]
[soak] t_ms=575644 frame=54703 conn=Connected health=OK streams=16 active=de887c091c3bfef4 ev=0 fix=0 pend_restore=false subs=18 q=0 qmax=1 cb=0 drop=0 d+0 p=0 rc=0 rc+0 mps=218.2 bps=353585 rtt=1 lag=2 last=61 pm=59130 pr=59130 pb=97716579 w[t=256 ob=0/0 st=64 hm=128 vp=26 c=29]
[soak] t_ms=580661 frame=55004 conn=Connected health=OK streams=16 active=de887c091c3bfef4 ev=0 fix=0 pend_restore=false subs=18 q=0 qmax=0 cb=0 drop=0 d+0 p=1 rc=0 rc+0 mps=53.0 bps=92575 rtt=1 lag=1 last=13 pm=59544 pr=59544 pb=98338881 w[t=256 ob=0/0 st=64 hm=128 vp=7 c=29]
[soak] t_ms=585677 frame=55305 conn=Connected health=OK streams=16 active=de887c091c3bfef4 ev=0 fix=0 pend_restore=false subs=18 q=0 qmax=0 cb=0 drop=0 d+0 p=1 rc=0 rc+0 mps=135.9 bps=198788 rtt=1 lag=6 last=6 pm=59983 pr=59983 pb=99090738 w[t=256 ob=0/0 st=64 hm=128 vp=8 c=29]
[soak] t_ms=590678 frame=55605 conn=Connected health=OK streams=16 active=de887c091c3bfef4 ev=0 fix=0 pend_restore=false subs=18 q=0 qmax=0 cb=0 drop=0 d+0 p=2 rc=0 rc+0 mps=55.3 bps=106355 rtt=1 lag=3 last=1 pm=60334 pr=60334 pb=99684125 w[t=256 ob=0/0 st=64 hm=128 vp=15 c=29]
[soak] t_ms=595694 frame=55906 conn=Connected health=OK streams=16 active=de887c091c3bfef4 ev=0 fix=0 pend_restore=false subs=18 q=0 qmax=0 cb=0 drop=0 d+0 p=1 rc=0 rc+0 mps=46.3 bps=97688 rtt=1 lag=1 last=10 pm=60699 pr=60699 pb=100334377 w[t=256 ob=0/0 st=64 hm=128 vp=16 c=29]
[soak] done duration_s=600
Soak finished.
Output dir: .context/evidence/terminal-v1-soak-postdeploy-20260302-202835/client-soak
Summary: .context/evidence/terminal-v1-soak-postdeploy-20260302-202835/client-soak/summary.txt
Soak result: PASS
