[marketdata] Connected to ws://127.0.0.1:8080/ws
[md-lifecycle] connect url=ws://127.0.0.1:8080/ws
[md-lifecycle] hello_sent rid=h1
[md-lifecycle] subscribe_sent subject=marketdata.trade/binance/BTCUSDT/raw rid=r2
[md-lifecycle] subscribe_sent subject=marketdata.bookdelta/binance/BTCUSDT/raw rid=r3
[md-lifecycle] subscribe_sent subject=aggregation.stats/binance/BTCUSDT/raw rid=r4
[md-lifecycle] subscribe_sent subject=insights.heatmap_snapshot/binance/BTCUSDT/1m rid=r5
[md-lifecycle] subscribe_sent subject=insights.volume_profile_snapshot/binance/BTCUSDT/1m rid=r6
[md-lifecycle] subscribe_sent subject=aggregation.candle/binance/BTCUSDT/1m rid=r7
[md-lifecycle] subscribe_sent subject=marketdata.trade/binance/ETHUSDT/raw rid=r8
[md-lifecycle] subscribe_sent subject=marketdata.bookdelta/binance/ETHUSDT/raw rid=r9
[md-lifecycle] subscribe_sent subject=aggregation.stats/binance/ETHUSDT/raw rid=r10
[md-lifecycle] subscribe_sent subject=insights.heatmap_snapshot/binance/ETHUSDT/1m rid=r11
[md-lifecycle] subscribe_sent subject=insights.volume_profile_snapshot/binance/ETHUSDT/1m rid=r12
[md-lifecycle] subscribe_sent subject=aggregation.candle/binance/ETHUSDT/1m rid=r13
[md-lifecycle] subscribe_sent subject=marketdata.trade/binance/SOLUSDT/raw rid=r14
[md-lifecycle] subscribe_sent subject=marketdata.bookdelta/binance/SOLUSDT/raw rid=r15
[md-lifecycle] subscribe_sent subject=aggregation.stats/binance/SOLUSDT/raw rid=r16
[md-lifecycle] subscribe_sent subject=insights.heatmap_snapshot/binance/SOLUSDT/1m rid=r17
[md-lifecycle] subscribe_sent subject=insights.volume_profile_snapshot/binance/SOLUSDT/1m rid=r18
[md-lifecycle] subscribe_sent subject=aggregation.candle/binance/SOLUSDT/1m rid=r19
[soak] subscriptions=18 mode=multi log_ms=5000 duration_s=1800
[md-lifecycle] hello_ok proto_ver=1 server_id=4756f1cd-b3ff-4b5e-a5bf-2e65b8548a1c topics=7 venues=5 symbols=0
[md-lifecycle] ack_recv op=hello subject=
[md-lifecycle] ack_recv op=subscribe subject=marketdata.trade/binance/BTCUSDT/raw
[md-lifecycle] ack_recv op=subscribe subject=marketdata.bookdelta/binance/BTCUSDT/raw
[md-lifecycle] ack_recv op=subscribe subject=aggregation.stats/binance/BTCUSDT/raw
[md-lifecycle] ack_recv op=subscribe subject=insights.heatmap_snapshot/binance/BTCUSDT/1m
[md-lifecycle] ack_recv op=subscribe subject=insights.volume_profile_snapshot/binance/BTCUSDT/1m
[md-lifecycle] ack_recv op=subscribe subject=aggregation.candle/binance/BTCUSDT/1m
[md-lifecycle] ack_recv op=subscribe subject=marketdata.trade/binance/ETHUSDT/raw
[md-lifecycle] ack_recv op=subscribe subject=marketdata.bookdelta/binance/ETHUSDT/raw
[md-lifecycle] ack_recv op=subscribe subject=aggregation.stats/binance/ETHUSDT/raw
[md-lifecycle] ack_recv op=subscribe subject=insights.heatmap_snapshot/binance/ETHUSDT/1m
[md-lifecycle] ack_recv op=subscribe subject=insights.volume_profile_snapshot/binance/ETHUSDT/1m
[md-lifecycle] ack_recv op=subscribe subject=aggregation.candle/binance/ETHUSDT/1m
[md-lifecycle] ack_recv op=subscribe subject=marketdata.trade/binance/SOLUSDT/raw
[md-lifecycle] ack_recv op=subscribe subject=marketdata.bookdelta/binance/SOLUSDT/raw
[md-lifecycle] ack_recv op=subscribe subject=aggregation.stats/binance/SOLUSDT/raw
[md-lifecycle] ack_recv op=subscribe subject=insights.heatmap_snapshot/binance/SOLUSDT/1m
[md-lifecycle] ack_recv op=subscribe subject=insights.volume_profile_snapshot/binance/SOLUSDT/1m
[md-lifecycle] ack_recv op=subscribe subject=aggregation.candle/binance/SOLUSDT/1m
[soak] t_ms=41 frame=1 conn=Connected health=No_Data streams=6 active=de887c091c3bfef4 ev=0 fix=0 pend_restore=false subs=18 q=0 qmax=0 cb=0 drop=0 d+0 p=0 rc=0 rc+0 mps=0.0 bps=0 rtt=16 lag=0 last=29 pm=21 pr=21 pb=2521 w[t=0 ob=0/0 st=0 hm=0 vp=0 c=0]
[md-lifecycle] first_data_after_connect_ms=313 kind=Range_Candle sid=6af6786668ce2458
[soak] t_ms=5042 frame=1164 conn=Connected health=OK streams=15 active=de887c091c3bfef4 ev=0 fix=0 pend_restore=false subs=18 q=1 qmax=0 cb=0 drop=0 d+0 p=1 rc=0 rc+0 mps=96.2 bps=225789 rtt=16 lag=0 last=0 pm=717 pr=717 pb=1324761 w[t=244 ob=0/0 st=64 hm=4 vp=1 c=19]
[soak] t_ms=10042 frame=1764 conn=Connected health=OK streams=15 active=de887c091c3bfef4 ev=0 fix=0 pend_restore=false subs=18 q=1 qmax=0 cb=0 drop=0 d+0 p=1 rc=0 rc+0 mps=145.0 bps=160932 rtt=16 lag=0 last=7 pm=1135 pr=1135 pb=2089800 w[t=256 ob=0/0 st=64 hm=7 vp=6 c=19]
[soak] t_ms=15042 frame=2364 conn=Connected health=OK streams=16 active=de887c091c3bfef4 ev=0 fix=0 pend_restore=false subs=18 q=0 qmax=0 cb=0 drop=0 d+0 p=1 rc=0 rc+0 mps=46.6 bps=105398 rtt=16 lag=1 last=3 pm=1483 pr=1483 pb=2720461 w[t=256 ob=0/0 st=64 hm=12 vp=13 c=19]
[soak] t_ms=20042 frame=2964 conn=Connected health=OK streams=16 active=de887c091c3bfef4 ev=0 fix=0 pend_restore=false subs=18 q=1 qmax=1 cb=0 drop=0 d+0 p=1 rc=0 rc+0 mps=54.6 bps=92111 rtt=5 lag=3 last=3 pm=1804 pr=1804 pb=3290315 w[t=256 ob=0/0 st=64 hm=17 vp=18 c=19]
[soak] t_ms=25042 frame=3564 conn=Connected health=OK streams=16 active=de887c091c3bfef4 ev=0 fix=0 pend_restore=false subs=18 q=21 qmax=0 cb=0 drop=0 d+0 p=0 rc=0 rc+0 mps=68.3 bps=113095 rtt=5 lag=3 last=1 pm=2124 pr=2124 pb=3818567 w[t=256 ob=0/0 st=64 hm=22 vp=19 c=19]
[soak] t_ms=30042 frame=4164 conn=Connected health=OK streams=16 active=de887c091c3bfef4 ev=0 fix=0 pend_restore=false subs=18 q=1 qmax=0 cb=0 drop=0 d+0 p=1 rc=0 rc+0 mps=51.5 bps=91033 rtt=5 lag=0 last=2 pm=2647 pr=2647 pb=4702137 w[t=256 ob=0/0 st=64 hm=28 vp=20 c=19]
[soak] t_ms=35042 frame=4763 conn=Connected health=OK streams=16 active=de887c091c3bfef4 ev=0 fix=0 pend_restore=false subs=18 q=0 qmax=1 cb=0 drop=0 d+0 p=0 rc=0 rc+0 mps=49.7 bps=102946 rtt=5 lag=0 last=32 pm=2996 pr=2996 pb=5300771 w[t=256 ob=0/0 st=64 hm=33 vp=20 c=19]
[soak] t_ms=40042 frame=5363 conn=Connected health=OK streams=16 active=de887c091c3bfef4 ev=0 fix=0 pend_restore=false subs=18 q=1 qmax=0 cb=0 drop=0 d+0 p=1 rc=0 rc+0 mps=44.7 bps=96125 rtt=1 lag=0 last=8 pm=3315 pr=3315 pb=5961495 w[t=256 ob=0/0 st=64 hm=40 vp=25 c=19]
[soak] t_ms=45044 frame=5964 conn=Connected health=OK streams=16 active=de887c091c3bfef4 ev=0 fix=0 pend_restore=false subs=18 q=0 qmax=1 cb=0 drop=0 d+0 p=1 rc=0 rc+0 mps=52.3 bps=104146 rtt=1 lag=1 last=0 pm=3910 pr=3910 pb=6994310 w[t=256 ob=0/0 st=64 hm=46 vp=25 c=19]
[soak] t_ms=50045 frame=6564 conn=Connected health=OK streams=16 active=de887c091c3bfef4 ev=0 fix=0 pend_restore=false subs=18 q=0 qmax=0 cb=0 drop=0 d+0 p=0 rc=0 rc+0 mps=66.7 bps=120402 rtt=1 lag=0 last=48 pm=4323 pr=4323 pb=7740263 w[t=256 ob=0/0 st=64 hm=51 vp=25 c=19]
[soak] t_ms=55045 frame=7164 conn=Connected health=OK streams=16 active=de887c091c3bfef4 ev=0 fix=0 pend_restore=false subs=18 q=0 qmax=0 cb=0 drop=0 d+0 p=0 rc=0 rc+0 mps=59.4 bps=147469 rtt=1 lag=0 last=47 pm=4675 pr=4675 pb=8448095 w[t=256 ob=0/0 st=64 hm=58 vp=26 c=20]
[soak] t_ms=60046 frame=7764 conn=Connected health=OK streams=16 active=de887c091c3bfef4 ev=0 fix=0 pend_restore=false subs=18 q=0 qmax=0 cb=0 drop=0 d+0 p=0 rc=0 rc+0 mps=64.6 bps=116177 rtt=1 lag=2 last=48 pm=5013 pr=5013 pb=9111279 w[t=256 ob=0/0 st=64 hm=63 vp=27 c=20]
[soak] t_ms=65059 frame=8365 conn=Connected health=OK streams=16 active=de887c091c3bfef4 ev=0 fix=0 pend_restore=false subs=18 q=1 qmax=0 cb=0 drop=0 d+0 p=1 rc=0 rc+0 mps=74.0 bps=131126 rtt=1 lag=0 last=6 pm=5312 pr=5312 pb=9670741 w[t=256 ob=0/0 st=64 hm=66 vp=27 c=20]
[soak] t_ms=70060 frame=8965 conn=Connected health=OK streams=16 active=de887c091c3bfef4 ev=0 fix=0 pend_restore=false subs=18 q=0 qmax=0 cb=0 drop=0 d+0 p=0 rc=0 rc+0 mps=44.2 bps=78841 rtt=1 lag=0 last=61 pm=5616 pr=5616 pb=10224164 w[t=256 ob=0/0 st=64 hm=72 vp=3 c=20]
[soak] t_ms=75063 frame=9566 conn=Connected health=OK streams=16 active=de887c091c3bfef4 ev=0 fix=0 pend_restore=false subs=18 q=0 qmax=0 cb=0 drop=0 d+0 p=0 rc=0 rc+0 mps=54.5 bps=112490 rtt=1 lag=1 last=39 pm=6144 pr=6144 pb=11170155 w[t=256 ob=0/0 st=64 hm=75 vp=5 c=20]
[soak] t_ms=80076 frame=10167 conn=Connected health=OK streams=16 active=de887c091c3bfef4 ev=0 fix=0 pend_restore=false subs=18 q=0 qmax=0 cb=0 drop=0 d+0 p=1 rc=0 rc+0 mps=117.1 bps=212890 rtt=1 lag=3 last=5 pm=6514 pr=6514 pb=11819896 w[t=256 ob=0/0 st=64 hm=80 vp=10 c=20]
[soak] t_ms=85076 frame=10767 conn=Connected health=OK streams=16 active=de887c091c3bfef4 ev=0 fix=0 pend_restore=false subs=18 q=0 qmax=1 cb=0 drop=0 d+0 p=1 rc=0 rc+0 mps=88.9 bps=198066 rtt=3 lag=3 last=1 pm=6980 pr=6980 pb=12737708 w[t=256 ob=0/0 st=64 hm=85 vp=13 c=20]
[soak] t_ms=90076 frame=11367 conn=Connected health=OK streams=16 active=de887c091c3bfef4 ev=0 fix=0 pend_restore=false subs=18 q=0 qmax=0 cb=0 drop=0 d+0 p=0 rc=0 rc+0 mps=74.4 bps=196295 rtt=3 lag=1 last=21 pm=7411 pr=7411 pb=13523589 w[t=256 ob=0/0 st=64 hm=90 vp=15 c=20]
[soak] t_ms=95076 frame=11967 conn=Connected health=OK streams=16 active=de887c091c3bfef4 ev=0 fix=0 pend_restore=false subs=18 q=0 qmax=0 cb=0 drop=0 d+0 p=0 rc=0 rc+0 mps=44.9 bps=78988 rtt=3 lag=0 last=39 pm=7669 pr=7669 pb=14009035 w[t=256 ob=0/0 st=64 hm=96 vp=15 c=20]
[soak] t_ms=100076 frame=12567 conn=Connected health=OK streams=16 active=de887c091c3bfef4 ev=0 fix=0 pend_restore=false subs=18 q=0 qmax=0 cb=0 drop=0 d+0 p=0 rc=0 rc+0 mps=255.0 bps=380249 rtt=3 lag=2 last=29 pm=8198 pr=8198 pb=14897905 w[t=256 ob=0/0 st=64 hm=100 vp=16 c=20]
[soak] t_ms=105076 frame=13167 conn=Connected health=OK streams=16 active=de887c091c3bfef4 ev=0 fix=0 pend_restore=false subs=18 q=0 qmax=0 cb=0 drop=0 d+0 p=0 rc=0 rc+0 mps=52.9 bps=134433 rtt=1 lag=2 last=16 pm=8537 pr=8537 pb=15614042 w[t=256 ob=0/0 st=64 hm=106 vp=16 c=20]
[soak] t_ms=110076 frame=13766 conn=Connected health=OK streams=16 active=de887c091c3bfef4 ev=0 fix=0 pend_restore=false subs=18 q=0 qmax=1 cb=0 drop=0 d+0 p=0 rc=0 rc+0 mps=214.0 bps=210314 rtt=1 lag=2 last=38 pm=8986 pr=8986 pb=16397154 w[t=256 ob=0/0 st=64 hm=112 vp=16 c=20]
[soak] t_ms=115077 frame=14366 conn=Connected health=OK streams=16 active=de887c091c3bfef4 ev=0 fix=0 pend_restore=false subs=18 q=0 qmax=0 cb=0 drop=0 d+0 p=0 rc=0 rc+0 mps=74.5 bps=207060 rtt=1 lag=0 last=25 pm=9588 pr=9588 pb=17483228 w[t=256 ob=0/0 st=64 hm=117 vp=16 c=21]
[soak] t_ms=120076 frame=14966 conn=Connected health=OK streams=16 active=de887c091c3bfef4 ev=0 fix=0 pend_restore=false subs=18 q=0 qmax=0 cb=0 drop=0 d+0 p=0 rc=0 rc+0 mps=58.3 bps=121328 rtt=1 lag=1 last=65 pm=9936 pr=9936 pb=18182231 w[t=256 ob=0/0 st=64 hm=122 vp=16 c=21]
[soak] t_ms=125076 frame=15566 conn=Connected health=OK streams=16 active=de887c091c3bfef4 ev=0 fix=0 pend_restore=false subs=18 q=1 qmax=0 cb=0 drop=0 d+0 p=1 rc=0 rc+0 mps=62.8 bps=129588 rtt=1 lag=0 last=0 pm=10410 pr=10410 pb=19003783 w[t=256 ob=0/0 st=64 hm=128 vp=18 c=21]
[soak] t_ms=130077 frame=16164 conn=Connected health=OK streams=16 active=de887c091c3bfef4 ev=0 fix=0 pend_restore=false subs=18 q=0 qmax=0 cb=0 drop=0 d+0 p=0 rc=0 rc+0 mps=57.0 bps=104907 rtt=1 lag=2 last=79 pm=10672 pr=10672 pb=19504296 w[t=256 ob=0/0 st=64 hm=128 vp=3 c=21]
[soak] t_ms=135080 frame=16765 conn=Connected health=OK streams=16 active=de887c091c3bfef4 ev=0 fix=0 pend_restore=false subs=18 q=0 qmax=0 cb=0 drop=0 d+0 p=0 rc=0 rc+0 mps=50.3 bps=98536 rtt=1 lag=1 last=25 pm=11049 pr=11049 pb=20214781 w[t=256 ob=0/0 st=64 hm=128 vp=6 c=21]
[soak] t_ms=140093 frame=17366 conn=Connected health=OK streams=16 active=de887c091c3bfef4 ev=0 fix=0 pend_restore=false subs=18 q=0 qmax=0 cb=0 drop=0 d+0 p=0 rc=0 rc+0 mps=54.6 bps=110205 rtt=1 lag=1 last=25 pm=11340 pr=11340 pb=20743825 w[t=256 ob=0/0 st=64 hm=128 vp=7 c=21]
[soak] t_ms=145093 frame=17966 conn=Connected health=OK streams=16 active=de887c091c3bfef4 ev=0 fix=0 pend_restore=false subs=18 q=0 qmax=0 cb=0 drop=0 d+0 p=1 rc=0 rc+0 mps=49.4 bps=111983 rtt=1 lag=2 last=11 pm=11720 pr=11720 pb=21308280 w[t=256 ob=0/0 st=64 hm=128 vp=7 c=21]
[soak] t_ms=150093 frame=18566 conn=Connected health=OK streams=16 active=de887c091c3bfef4 ev=0 fix=0 pend_restore=false subs=18 q=4 qmax=1 cb=0 drop=0 d+0 p=1 rc=0 rc+0 mps=93.7 bps=115069 rtt=1 lag=3 last=1 pm=12161 pr=12161 pb=21970043 w[t=256 ob=0/0 st=64 hm=128 vp=8 c=21]
[soak] t_ms=155094 frame=19166 conn=Connected health=OK streams=16 active=de887c091c3bfef4 ev=0 fix=0 pend_restore=false subs=18 q=0 qmax=0 cb=0 drop=0 d+0 p=2 rc=0 rc+0 mps=63.3 bps=115602 rtt=1 lag=6 last=0 pm=12652 pr=12652 pb=22838620 w[t=256 ob=0/0 st=64 hm=128 vp=11 c=21]
[soak] t_ms=160094 frame=19766 conn=Connected health=OK streams=16 active=de887c091c3bfef4 ev=0 fix=0 pend_restore=false subs=18 q=0 qmax=0 cb=0 drop=0 d+0 p=0 rc=0 rc+0 mps=55.7 bps=93881 rtt=1 lag=2 last=42 pm=12900 pr=12900 pb=23235136 w[t=256 ob=0/0 st=64 hm=128 vp=12 c=21]
[soak] t_ms=165094 frame=20366 conn=Connected health=OK streams=16 active=de887c091c3bfef4 ev=0 fix=0 pend_restore=false subs=18 q=0 qmax=1 cb=0 drop=0 d+0 p=1 rc=0 rc+0 mps=40.8 bps=75052 rtt=1 lag=2 last=3 pm=13196 pr=13196 pb=23736748 w[t=256 ob=0/0 st=64 hm=128 vp=12 c=21]
[soak] t_ms=170094 frame=20966 conn=Connected health=OK streams=16 active=de887c091c3bfef4 ev=0 fix=0 pend_restore=false subs=18 q=0 qmax=0 cb=0 drop=0 d+0 p=1 rc=0 rc+0 mps=77.6 bps=112804 rtt=1 lag=4 last=9 pm=13650 pr=13650 pb=24466926 w[t=256 ob=0/0 st=64 hm=128 vp=17 c=21]
[soak] t_ms=175094 frame=21566 conn=Connected health=OK streams=16 active=de887c091c3bfef4 ev=0 fix=0 pend_restore=false subs=18 q=1 qmax=0 cb=0 drop=0 d+0 p=1 rc=0 rc+0 mps=59.3 bps=145833 rtt=1 lag=3 last=2 pm=13958 pr=13958 pb=25069188 w[t=256 ob=0/0 st=64 hm=128 vp=17 c=22]
[soak] t_ms=180094 frame=22166 conn=Connected health=OK streams=16 active=de887c091c3bfef4 ev=0 fix=0 pend_restore=false subs=18 q=0 qmax=0 cb=0 drop=0 d+0 p=0 rc=0 rc+0 mps=49.8 bps=94910 rtt=1 lag=0 last=30 pm=14302 pr=14302 pb=25694077 w[t=256 ob=0/0 st=64 hm=128 vp=18 c=22]
[soak] t_ms=185094 frame=22766 conn=Connected health=OK streams=16 active=de887c091c3bfef4 ev=0 fix=0 pend_restore=false subs=18 q=8 qmax=1 cb=0 drop=0 d+0 p=0 rc=0 rc+0 mps=65.0 bps=108115 rtt=1 lag=1 last=1 pm=14628 pr=14628 pb=26266163 w[t=256 ob=0/0 st=64 hm=128 vp=1 c=22]
[soak] t_ms=190094 frame=23366 conn=Connected health=OK streams=16 active=de887c091c3bfef4 ev=0 fix=0 pend_restore=false subs=18 q=0 qmax=0 cb=0 drop=0 d+0 p=1 rc=0 rc+0 mps=54.6 bps=99068 rtt=1 lag=2 last=0 pm=14927 pr=14927 pb=26827945 w[t=256 ob=0/0 st=64 hm=128 vp=3 c=22]
[soak] t_ms=195094 frame=23966 conn=Connected health=OK streams=16 active=de887c091c3bfef4 ev=0 fix=0 pend_restore=false subs=18 q=0 qmax=0 cb=0 drop=0 d+0 p=1 rc=0 rc+0 mps=75.0 bps=138828 rtt=1 lag=2 last=2 pm=15189 pr=15189 pb=27265150 w[t=256 ob=0/0 st=64 hm=128 vp=6 c=22]
[soak] t_ms=200094 frame=24566 conn=Connected health=OK streams=16 active=de887c091c3bfef4 ev=0 fix=0 pend_restore=false subs=18 q=1 qmax=0 cb=0 drop=0 d+0 p=1 rc=0 rc+0 mps=53.8 bps=122228 rtt=1 lag=2 last=3 pm=15632 pr=15632 pb=28137467 w[t=256 ob=0/0 st=64 hm=128 vp=7 c=22]
[soak] t_ms=205096 frame=25167 conn=Connected health=OK streams=16 active=de887c091c3bfef4 ev=0 fix=0 pend_restore=false subs=18 q=0 qmax=0 cb=0 drop=0 d+0 p=0 rc=0 rc+0 mps=129.8 bps=312682 rtt=1 lag=6 last=44 pm=16275 pr=16275 pb=29014005 w[t=256 ob=0/0 st=64 hm=128 vp=7 c=22]
[soak] t_ms=210096 frame=25767 conn=Connected health=OK streams=16 active=de887c091c3bfef4 ev=0 fix=0 pend_restore=false subs=18 q=0 qmax=0 cb=0 drop=0 d+0 p=0 rc=0 rc+0 mps=54.7 bps=96347 rtt=1 lag=1 last=5 pm=16564 pr=16564 pb=29476965 w[t=256 ob=0/0 st=64 hm=128 vp=8 c=22]
[soak] t_ms=215111 frame=26368 conn=Connected health=OK streams=16 active=de887c091c3bfef4 ev=0 fix=0 pend_restore=false subs=18 q=0 qmax=0 cb=0 drop=0 d+0 p=2 rc=0 rc+0 mps=120.7 bps=204955 rtt=1 lag=1 last=5 pm=17060 pr=17060 pb=30312392 w[t=256 ob=0/0 st=64 hm=128 vp=10 c=22]
[soak] t_ms=220111 frame=26968 conn=Connected health=OK streams=16 active=de887c091c3bfef4 ev=0 fix=0 pend_restore=false subs=18 q=1 qmax=0 cb=0 drop=0 d+0 p=1 rc=0 rc+0 mps=45.0 bps=66318 rtt=1 lag=1 last=0 pm=17299 pr=17299 pb=30707306 w[t=256 ob=0/0 st=64 hm=128 vp=11 c=22]
[soak] t_ms=225111 frame=27568 conn=Connected health=OK streams=16 active=de887c091c3bfef4 ev=0 fix=0 pend_restore=false subs=18 q=0 qmax=0 cb=0 drop=0 d+0 p=1 rc=0 rc+0 mps=170.6 bps=185232 rtt=1 lag=1 last=3 pm=17730 pr=17730 pb=31337340 w[t=256 ob=0/0 st=64 hm=128 vp=12 c=22]
[soak] t_ms=230111 frame=28168 conn=Connected health=OK streams=16 active=de887c091c3bfef4 ev=0 fix=0 pend_restore=false subs=18 q=1 qmax=1 cb=0 drop=0 d+0 p=1 rc=0 rc+0 mps=145.6 bps=217159 rtt=1 lag=0 last=7 pm=18286 pr=18286 pb=32206541 w[t=256 ob=0/0 st=64 hm=128 vp=12 c=22]
[soak] t_ms=235111 frame=28768 conn=Connected health=OK streams=16 active=de887c091c3bfef4 ev=0 fix=0 pend_restore=false subs=18 q=0 qmax=0 cb=0 drop=0 d+0 p=1 rc=0 rc+0 mps=50.0 bps=126410 rtt=1 lag=3 last=9 pm=18590 pr=18590 pb=32867939 w[t=256 ob=0/0 st=64 hm=128 vp=12 c=23]
[soak] t_ms=240111 frame=29368 conn=Connected health=OK streams=16 active=de887c091c3bfef4 ev=0 fix=0 pend_restore=false subs=18 q=0 qmax=0 cb=0 drop=0 d+0 p=1 rc=0 rc+0 mps=33.0 bps=97349 rtt=1 lag=1 last=6 pm=18987 pr=18987 pb=33628916 w[t=256 ob=0/0 st=64 hm=128 vp=14 c=23]
[soak] t_ms=245111 frame=29968 conn=Connected health=OK streams=16 active=de887c091c3bfef4 ev=0 fix=0 pend_restore=false subs=18 q=0 qmax=0 cb=0 drop=0 d+0 p=2 rc=0 rc+0 mps=41.7 bps=64951 rtt=1 lag=1 last=5 pm=19443 pr=19443 pb=34473801 w[t=256 ob=0/0 st=64 hm=128 vp=14 c=23]
[soak] t_ms=250111 frame=30568 conn=Connected health=OK streams=16 active=de887c091c3bfef4 ev=0 fix=0 pend_restore=false subs=18 q=0 qmax=0 cb=0 drop=0 d+0 p=0 rc=0 rc+0 mps=51.5 bps=67085 rtt=1 lag=1 last=29 pm=19718 pr=19718 pb=34929648 w[t=256 ob=0/0 st=64 hm=128 vp=7 c=23]
[soak] t_ms=255114 frame=31169 conn=Connected health=OK streams=16 active=de887c091c3bfef4 ev=0 fix=0 pend_restore=false subs=18 q=0 qmax=0 cb=0 drop=0 d+0 p=0 rc=0 rc+0 mps=72.4 bps=130807 rtt=1 lag=2 last=18 pm=20058 pr=20058 pb=35466744 w[t=256 ob=0/0 st=64 hm=128 vp=10 c=23]
[soak] t_ms=260128 frame=31770 conn=Connected health=OK streams=16 active=de887c091c3bfef4 ev=0 fix=0 pend_restore=false subs=18 q=0 qmax=0 cb=0 drop=0 d+0 p=1 rc=0 rc+0 mps=62.7 bps=131942 rtt=1 lag=7 last=11 pm=20819 pr=20819 pb=36558609 w[t=256 ob=0/0 st=64 hm=128 vp=12 c=23]
[soak] t_ms=265128 frame=32370 conn=Connected health=OK streams=16 active=de887c091c3bfef4 ev=0 fix=0 pend_restore=false subs=18 q=1 qmax=0 cb=0 drop=0 d+0 p=0 rc=0 rc+0 mps=75.1 bps=162485 rtt=1 lag=1 last=6 pm=21283 pr=21283 pb=37459426 w[t=256 ob=0/0 st=64 hm=128 vp=13 c=23]
[soak] t_ms=270128 frame=32970 conn=Connected health=OK streams=16 active=de887c091c3bfef4 ev=0 fix=0 pend_restore=false subs=18 q=0 qmax=0 cb=0 drop=0 d+0 p=0 rc=0 rc+0 mps=42.7 bps=72714 rtt=1 lag=2 last=20 pm=21571 pr=21571 pb=38011739 w[t=256 ob=0/0 st=64 hm=128 vp=13 c=23]
[soak] t_ms=275130 frame=33571 conn=Connected health=OK streams=16 active=de887c091c3bfef4 ev=0 fix=0 pend_restore=false subs=18 q=0 qmax=1 cb=0 drop=0 d+0 p=0 rc=0 rc+0 mps=184.7 bps=270783 rtt=1 lag=8 last=31 pm=22021 pr=22021 pb=38752906 w[t=256 ob=0/0 st=64 hm=128 vp=13 c=23]
[soak] t_ms=280145 frame=34172 conn=Connected health=OK streams=16 active=de887c091c3bfef4 ev=0 fix=0 pend_restore=false subs=18 q=0 qmax=0 cb=0 drop=0 d+0 p=0 rc=0 rc+0 mps=154.0 bps=293007 rtt=1 lag=5 last=71 pm=22499 pr=22499 pb=39649655 w[t=256 ob=0/0 st=64 hm=128 vp=13 c=23]
[soak] t_ms=285145 frame=34771 conn=Connected health=OK streams=16 active=de887c091c3bfef4 ev=0 fix=0 pend_restore=false subs=18 q=0 qmax=0 cb=0 drop=0 d+0 p=0 rc=0 rc+0 mps=9.0 bps=41854 rtt=1 lag=2 last=56 pm=22600 pr=22600 pb=39941615 w[t=256 ob=0/0 st=64 hm=128 vp=13 c=23]
[soak] t_ms=290145 frame=35371 conn=Connected health=OK streams=16 active=de887c091c3bfef4 ev=0 fix=0 pend_restore=false subs=18 q=0 qmax=0 cb=0 drop=0 d+0 p=0 rc=0 rc+0 mps=48.6 bps=85795 rtt=1 lag=3 last=23 pm=23211 pr=23211 pb=41002575 w[t=256 ob=0/0 st=64 hm=128 vp=16 c=23]
[soak] t_ms=295147 frame=35972 conn=Connected health=OK streams=16 active=de887c091c3bfef4 ev=0 fix=0 pend_restore=false subs=18 q=0 qmax=0 cb=0 drop=0 d+0 p=0 rc=0 rc+0 mps=42.3 bps=71301 rtt=1 lag=4 last=41 pm=23448 pr=23448 pb=41425708 w[t=256 ob=0/0 st=64 hm=128 vp=17 c=24]
[soak] t_ms=300147 frame=36572 conn=Connected health=OK streams=16 active=de887c091c3bfef4 ev=0 fix=0 pend_restore=false subs=18 q=0 qmax=0 cb=0 drop=0 d+0 p=0 rc=0 rc+0 mps=52.5 bps=101506 rtt=1 lag=1 last=4 pm=23797 pr=23797 pb=42059464 w[t=256 ob=0/0 st=64 hm=128 vp=18 c=24]
[soak] t_ms=305149 frame=37172 conn=Connected health=OK streams=16 active=de887c091c3bfef4 ev=0 fix=0 pend_restore=false subs=18 q=0 qmax=1 cb=0 drop=0 d+0 p=0 rc=0 rc+0 mps=69.0 bps=72538 rtt=1 lag=4 last=50 pm=24111 pr=24111 pb=42630822 w[t=256 ob=0/0 st=64 hm=128 vp=1 c=24]
[soak] t_ms=310162 frame=37773 conn=Connected health=OK streams=16 active=de887c091c3bfef4 ev=0 fix=0 pend_restore=false subs=18 q=15 qmax=1 cb=0 drop=0 d+0 p=1 rc=0 rc+0 mps=518.4 bps=495684 rtt=1 lag=1 last=0 pm=25788 pr=25788 pb=44059044 w[t=256 ob=0/0 st=64 hm=128 vp=1 c=24]
[soak] t_ms=315162 frame=38373 conn=Connected health=OK streams=16 active=de887c091c3bfef4 ev=0 fix=0 pend_restore=false subs=18 q=0 qmax=1 cb=0 drop=0 d+0 p=1 rc=0 rc+0 mps=222.1 bps=392506 rtt=1 lag=2 last=13 pm=27486 pr=27486 pb=46460953 w[t=256 ob=0/0 st=64 hm=128 vp=4 c=24]
[soak] t_ms=320162 frame=38973 conn=Connected health=OK streams=16 active=de887c091c3bfef4 ev=0 fix=0 pend_restore=false subs=18 q=0 qmax=0 cb=0 drop=0 d+0 p=1 rc=0 rc+0 mps=179.6 bps=275278 rtt=1 lag=3 last=3 pm=28244 pr=28244 pb=47775946 w[t=256 ob=0/0 st=64 hm=128 vp=17 c=24]
[soak] t_ms=325162 frame=39573 conn=Connected health=OK streams=16 active=de887c091c3bfef4 ev=0 fix=0 pend_restore=false subs=18 q=1 qmax=0 cb=0 drop=0 d+0 p=0 rc=0 rc+0 mps=54.1 bps=96113 rtt=1 lag=0 last=2 pm=28716 pr=28716 pb=48681221 w[t=256 ob=0/0 st=64 hm=128 vp=19 c=24]
[soak] t_ms=330162 frame=40173 conn=Connected health=OK streams=16 active=de887c091c3bfef4 ev=0 fix=0 pend_restore=false subs=18 q=0 qmax=1 cb=0 drop=0 d+0 p=2 rc=0 rc+0 mps=82.0 bps=157052 rtt=1 lag=4 last=1 pm=29287 pr=29287 pb=49627191 w[t=256 ob=0/0 st=64 hm=128 vp=21 c=24]
[soak] t_ms=335162 frame=40773 conn=Connected health=OK streams=16 active=de887c091c3bfef4 ev=0 fix=0 pend_restore=false subs=18 q=0 qmax=0 cb=0 drop=0 d+0 p=0 rc=0 rc+0 mps=49.3 bps=104877 rtt=1 lag=7 last=23 pm=29695 pr=29695 pb=50383255 w[t=256 ob=0/0 st=64 hm=128 vp=22 c=24]
[soak] t_ms=340164 frame=41374 conn=Connected health=OK streams=16 active=de887c091c3bfef4 ev=0 fix=0 pend_restore=false subs=18 q=0 qmax=0 cb=0 drop=0 d+0 p=0 rc=0 rc+0 mps=252.0 bps=440471 rtt=1 lag=1 last=3 pm=30541 pr=30541 pb=51900459 w[t=256 ob=0/0 st=64 hm=128 vp=23 c=24]
[soak] t_ms=345172 frame=41796 conn=Connected health=OK streams=16 active=de887c091c3bfef4 ev=0 fix=0 pend_restore=false subs=18 q=0 qmax=1 cb=0 drop=0 d+0 p=1 rc=0 rc+0 mps=44.7 bps=97629 rtt=1 lag=6 last=15 pm=30968 pr=30968 pb=52677356 w[t=256 ob=0/0 st=64 hm=128 vp=24 c=24]
[soak] t_ms=350189 frame=42097 conn=Connected health=OK streams=16 active=de887c091c3bfef4 ev=0 fix=0 pend_restore=false subs=18 q=0 qmax=0 cb=0 drop=0 d+0 p=0 rc=0 rc+0 mps=143.6 bps=228383 rtt=1 lag=1 last=168 pm=31364 pr=31364 pb=53423494 w[t=256 ob=0/0 st=64 hm=128 vp=24 c=24]
[soak] t_ms=355206 frame=42398 conn=Connected health=OK streams=16 active=de887c091c3bfef4 ev=0 fix=0 pend_restore=false subs=18 q=0 qmax=1 cb=0 drop=0 d+0 p=0 rc=0 rc+0 mps=72.9 bps=222513 rtt=1 lag=0 last=25 pm=31807 pr=31807 pb=54406501 w[t=256 ob=0/0 st=64 hm=128 vp=25 c=25]
[soak] t_ms=360222 frame=42699 conn=Connected health=OK streams=16 active=de887c091c3bfef4 ev=0 fix=0 pend_restore=false subs=18 q=0 qmax=1 cb=0 drop=0 d+0 p=0 rc=0 rc+0 mps=543.8 bps=705316 rtt=1 lag=0 last=31 pm=33009 pr=33009 pb=56098364 w[t=256 ob=0/0 st=64 hm=128 vp=26 c=25]
[soak] t_ms=365222 frame=42999 conn=Connected health=OK streams=16 active=de887c091c3bfef4 ev=0 fix=0 pend_restore=false subs=18 q=10 qmax=0 cb=0 drop=0 d+0 p=1 rc=0 rc+0 mps=52.7 bps=106229 rtt=1 lag=0 last=2 pm=33320 pr=33320 pb=56752971 w[t=256 ob=0/0 st=64 hm=128 vp=1 c=25]
[soak] t_ms=370239 frame=43300 conn=Connected health=OK streams=16 active=de887c091c3bfef4 ev=0 fix=0 pend_restore=false subs=18 q=1 qmax=0 cb=0 drop=0 d+0 p=1 rc=0 rc+0 mps=181.5 bps=275914 rtt=1 lag=1 last=6 pm=33922 pr=33922 pb=57695060 w[t=256 ob=0/0 st=64 hm=128 vp=1 c=25]
[soak] t_ms=375255 frame=43601 conn=Connected health=OK streams=16 active=de887c091c3bfef4 ev=0 fix=0 pend_restore=false subs=18 q=17 qmax=1 cb=0 drop=0 d+0 p=1 rc=0 rc+0 mps=186.6 bps=295468 rtt=1 lag=1 last=0 pm=34759 pr=34759 pb=58935343 w[t=256 ob=0/0 st=64 hm=128 vp=11 c=25]
[soak] t_ms=380256 frame=43901 conn=Connected health=OK streams=16 active=de887c091c3bfef4 ev=0 fix=0 pend_restore=false subs=18 q=27 qmax=1 cb=0 drop=0 d+0 p=0 rc=0 rc+0 mps=88.8 bps=142500 rtt=1 lag=1 last=0 pm=35769 pr=35769 pb=60381438 w[t=256 ob=0/0 st=64 hm=128 vp=13 c=25]
[soak] t_ms=385271 frame=44202 conn=Connected health=OK streams=16 active=de887c091c3bfef4 ev=0 fix=0 pend_restore=false subs=18 q=1 qmax=0 cb=0 drop=0 d+0 p=1 rc=0 rc+0 mps=49.8 bps=94567 rtt=1 lag=0 last=7 pm=36335 pr=36335 pb=61303577 w[t=256 ob=0/0 st=64 hm=128 vp=13 c=25]
[soak] t_ms=390272 frame=44502 conn=Connected health=OK streams=16 active=de887c091c3bfef4 ev=0 fix=0 pend_restore=false subs=18 q=0 qmax=0 cb=0 drop=0 d+0 p=0 rc=0 rc+0 mps=137.8 bps=203615 rtt=1 lag=4 last=42 pm=37086 pr=37086 pb=62421577 w[t=256 ob=0/0 st=64 hm=128 vp=24 c=25]
[soak] t_ms=395272 frame=44802 conn=Connected health=OK streams=16 active=de887c091c3bfef4 ev=0 fix=0 pend_restore=false subs=18 q=0 qmax=0 cb=0 drop=0 d+0 p=0 rc=0 rc+0 mps=65.8 bps=126527 rtt=1 lag=3 last=27 pm=37435 pr=37435 pb=63036104 w[t=256 ob=0/0 st=64 hm=128 vp=25 c=25]
[soak] t_ms=400288 frame=45103 conn=Connected health=OK streams=16 active=de887c091c3bfef4 ev=0 fix=0 pend_restore=false subs=18 q=0 qmax=0 cb=0 drop=0 d+0 p=0 rc=0 rc+0 mps=132.9 bps=246643 rtt=1 lag=3 last=40 pm=38087 pr=38087 pb=64179882 w[t=256 ob=0/0 st=64 hm=128 vp=27 c=25]
[soak] t_ms=405306 frame=45404 conn=Connected health=OK streams=16 active=de887c091c3bfef4 ev=0 fix=0 pend_restore=false subs=18 q=0 qmax=0 cb=0 drop=0 d+0 p=0 rc=0 rc+0 mps=87.5 bps=145349 rtt=1 lag=5 last=36 pm=38406 pr=38406 pb=64815263 w[t=256 ob=0/0 st=64 hm=128 vp=27 c=25]
[soak] t_ms=410322 frame=45705 conn=Connected health=OK streams=16 active=de887c091c3bfef4 ev=0 fix=0 pend_restore=false subs=18 q=0 qmax=0 cb=0 drop=0 d+0 p=1 rc=0 rc+0 mps=57.0 bps=118713 rtt=1 lag=2 last=11 pm=38724 pr=38724 pb=65473532 w[t=256 ob=0/0 st=64 hm=128 vp=30 c=25]
[soak] t_ms=415339 frame=46006 conn=Connected health=OK streams=16 active=de887c091c3bfef4 ev=0 fix=0 pend_restore=false subs=18 q=1 qmax=0 cb=0 drop=0 d+0 p=0 rc=0 rc+0 mps=74.8 bps=120780 rtt=1 lag=1 last=14 pm=39095 pr=39095 pb=66154500 w[t=256 ob=0/0 st=64 hm=128 vp=30 c=26]
[soak] t_ms=420340 frame=46306 conn=Connected health=OK streams=16 active=de887c091c3bfef4 ev=0 fix=0 pend_restore=false subs=18 q=0 qmax=0 cb=0 drop=0 d+0 p=1 rc=0 rc+0 mps=77.8 bps=213038 rtt=1 lag=1 last=16 pm=39512 pr=39512 pb=67112726 w[t=256 ob=0/0 st=64 hm=128 vp=33 c=26]
[soak] t_ms=425356 frame=46607 conn=Connected health=OK streams=16 active=de887c091c3bfef4 ev=0 fix=0 pend_restore=false subs=18 q=0 qmax=0 cb=0 drop=0 d+0 p=1 rc=0 rc+0 mps=65.9 bps=157375 rtt=1 lag=1 last=15 pm=39988 pr=39988 pb=67909051 w[t=256 ob=0/0 st=64 hm=128 vp=3 c=26]
[soak] t_ms=430356 frame=46907 conn=Connected health=OK streams=16 active=de887c091c3bfef4 ev=0 fix=0 pend_restore=false subs=18 q=0 qmax=0 cb=0 drop=0 d+0 p=1 rc=0 rc+0 mps=50.2 bps=109333 rtt=1 lag=4 last=9 pm=40449 pr=40449 pb=68667527 w[t=256 ob=0/0 st=64 hm=128 vp=3 c=26]
[soak] t_ms=435372 frame=47208 conn=Connected health=OK streams=16 active=de887c091c3bfef4 ev=0 fix=0 pend_restore=false subs=18 q=1 qmax=0 cb=0 drop=0 d+0 p=1 rc=0 rc+0 mps=46.6 bps=76642 rtt=1 lag=3 last=9 pm=41005 pr=41005 pb=69525407 w[t=256 ob=0/0 st=64 hm=128 vp=8 c=26]
[soak] t_ms=440389 frame=47509 conn=Connected health=OK streams=16 active=de887c091c3bfef4 ev=0 fix=0 pend_restore=false subs=18 q=0 qmax=0 cb=0 drop=0 d+0 p=0 rc=0 rc+0 mps=52.7 bps=102423 rtt=1 lag=4 last=23 pm=41597 pr=41597 pb=70468225 w[t=256 ob=0/0 st=64 hm=128 vp=8 c=26]
[soak] t_ms=445389 frame=47809 conn=Connected health=OK streams=16 active=de887c091c3bfef4 ev=0 fix=0 pend_restore=false subs=18 q=0 qmax=0 cb=0 drop=0 d+0 p=0 rc=0 rc+0 mps=58.9 bps=111186 rtt=1 lag=1 last=27 pm=41915 pr=41915 pb=70989690 w[t=256 ob=0/0 st=64 hm=128 vp=12 c=26]
[soak] t_ms=450405 frame=48110 conn=Connected health=OK streams=16 active=de887c091c3bfef4 ev=0 fix=0 pend_restore=false subs=18 q=0 qmax=0 cb=0 drop=0 d+0 p=1 rc=0 rc+0 mps=48.5 bps=71080 rtt=1 lag=1 last=8 pm=42157 pr=42157 pb=71368729 w[t=256 ob=0/0 st=64 hm=128 vp=12 c=26]
[soak] t_ms=455421 frame=48411 conn=Connected health=OK streams=16 active=de887c091c3bfef4 ev=0 fix=0 pend_restore=false subs=18 q=0 qmax=0 cb=0 drop=0 d+0 p=1 rc=0 rc+0 mps=89.2 bps=142865 rtt=1 lag=6 last=4 pm=42440 pr=42440 pb=71836090 w[t=256 ob=0/0 st=64 hm=128 vp=16 c=26]
[soak] t_ms=460422 frame=48711 conn=Connected health=OK streams=16 active=de887c091c3bfef4 ev=0 fix=0 pend_restore=false subs=18 q=0 qmax=0 cb=0 drop=0 d+0 p=0 rc=0 rc+0 mps=57.8 bps=104989 rtt=1 lag=7 last=86 pm=42758 pr=42758 pb=72381748 w[t=256 ob=0/0 st=64 hm=128 vp=16 c=26]
[soak] t_ms=465422 frame=49011 conn=Connected health=OK streams=16 active=de887c091c3bfef4 ev=0 fix=0 pend_restore=false subs=18 q=0 qmax=0 cb=0 drop=0 d+0 p=0 rc=0 rc+0 mps=101.6 bps=167521 rtt=1 lag=4 last=259 pm=44321 pr=44321 pb=74391527 w[t=256 ob=0/0 st=64 hm=128 vp=16 c=26]
[soak] t_ms=470422 frame=49311 conn=Connected health=OK streams=16 active=de887c091c3bfef4 ev=0 fix=0 pend_restore=false subs=18 q=0 qmax=0 cb=0 drop=0 d+0 p=1 rc=0 rc+0 mps=73.1 bps=125947 rtt=1 lag=2 last=13 pm=44841 pr=44841 pb=75365884 w[t=256 ob=0/0 st=64 hm=128 vp=17 c=26]
[soak] t_ms=475439 frame=49612 conn=Connected health=OK streams=16 active=de887c091c3bfef4 ev=0 fix=0 pend_restore=false subs=18 q=0 qmax=0 cb=0 drop=0 d+0 p=1 rc=0 rc+0 mps=88.9 bps=188397 rtt=1 lag=3 last=7 pm=45558 pr=45558 pb=76594264 w[t=256 ob=0/0 st=64 hm=128 vp=30 c=27]
[soak] t_ms=480439 frame=49912 conn=Connected health=OK streams=16 active=de887c091c3bfef4 ev=0 fix=0 pend_restore=false subs=18 q=1 qmax=0 cb=0 drop=0 d+0 p=1 rc=0 rc+0 mps=63.4 bps=119654 rtt=1 lag=2 last=7 pm=45855 pr=45855 pb=77208000 w[t=256 ob=0/0 st=64 hm=128 vp=31 c=27]
[soak] t_ms=485455 frame=50213 conn=Connected health=OK streams=16 active=de887c091c3bfef4 ev=0 fix=0 pend_restore=false subs=18 q=0 qmax=0 cb=0 drop=0 d+0 p=1 rc=0 rc+0 mps=128.2 bps=271563 rtt=1 lag=2 last=0 pm=46189 pr=46189 pb=77895143 w[t=256 ob=0/0 st=64 hm=128 vp=6 c=27]
[soak] t_ms=490471 frame=50514 conn=Connected health=OK streams=16 active=de887c091c3bfef4 ev=0 fix=0 pend_restore=false subs=18 q=1 qmax=1 cb=0 drop=0 d+0 p=1 rc=0 rc+0 mps=90.8 bps=128076 rtt=1 lag=5 last=3 pm=46571 pr=46571 pb=78512733 w[t=256 ob=0/0 st=64 hm=128 vp=6 c=27]
[soak] t_ms=495472 frame=50814 conn=Connected health=OK streams=16 active=de887c091c3bfef4 ev=0 fix=0 pend_restore=false subs=18 q=0 qmax=0 cb=0 drop=0 d+0 p=0 rc=0 rc+0 mps=93.0 bps=127995 rtt=1 lag=2 last=86 pm=46929 pr=46929 pb=79192077 w[t=256 ob=0/0 st=64 hm=128 vp=6 c=27]
[soak] t_ms=500473 frame=51114 conn=Connected health=OK streams=16 active=de887c091c3bfef4 ev=0 fix=0 pend_restore=false subs=18 q=0 qmax=0 cb=0 drop=0 d+0 p=1 rc=0 rc+0 mps=50.0 bps=71550 rtt=1 lag=1 last=16 pm=47200 pr=47200 pb=79671666 w[t=256 ob=0/0 st=64 hm=128 vp=7 c=27]
[soak] t_ms=505489 frame=51415 conn=Connected health=OK streams=16 active=de887c091c3bfef4 ev=0 fix=0 pend_restore=false subs=18 q=0 qmax=0 cb=0 drop=0 d+0 p=0 rc=0 rc+0 mps=45.5 bps=68721 rtt=1 lag=0 last=44 pm=47451 pr=47451 pb=80103070 w[t=256 ob=0/0 st=64 hm=128 vp=9 c=27]
[soak] t_ms=510505 frame=51716 conn=Connected health=OK streams=16 active=de887c091c3bfef4 ev=0 fix=0 pend_restore=false subs=18 q=0 qmax=0 cb=0 drop=0 d+0 p=1 rc=0 rc+0 mps=89.7 bps=137796 rtt=1 lag=2 last=12 pm=47838 pr=47838 pb=80777583 w[t=256 ob=0/0 st=64 hm=128 vp=11 c=27]
[soak] t_ms=515522 frame=52017 conn=Connected health=OK streams=16 active=de887c091c3bfef4 ev=0 fix=0 pend_restore=false subs=18 q=7 qmax=0 cb=0 drop=0 d+0 p=0 rc=0 rc+0 mps=101.4 bps=161724 rtt=1 lag=1 last=0 pm=48161 pr=48161 pb=81321521 w[t=256 ob=0/0 st=64 hm=128 vp=11 c=27]
[soak] t_ms=520522 frame=52317 conn=Connected health=OK streams=16 active=de887c091c3bfef4 ev=0 fix=0 pend_restore=false subs=18 q=0 qmax=1 cb=0 drop=0 d+0 p=0 rc=0 rc+0 mps=88.4 bps=133436 rtt=1 lag=3 last=26 pm=48755 pr=48755 pb=82365210 w[t=256 ob=0/0 st=64 hm=128 vp=11 c=27]
[soak] t_ms=525539 frame=52618 conn=Connected health=OK streams=16 active=de887c091c3bfef4 ev=0 fix=0 pend_restore=false subs=18 q=0 qmax=0 cb=0 drop=0 d+0 p=0 rc=0 rc+0 mps=111.7 bps=164888 rtt=1 lag=12 last=25 pm=49389 pr=49389 pb=83364606 w[t=256 ob=0/0 st=64 hm=128 vp=11 c=27]
[soak] t_ms=530556 frame=52919 conn=Connected health=OK streams=16 active=de887c091c3bfef4 ev=0 fix=0 pend_restore=false subs=18 q=0 qmax=0 cb=0 drop=0 d+0 p=0 rc=0 rc+0 mps=185.1 bps=280010 rtt=1 lag=2 last=19 pm=49922 pr=49922 pb=84240640 w[t=256 ob=0/0 st=64 hm=128 vp=18 c=27]
[soak] t_ms=535572 frame=53220 conn=Connected health=OK streams=16 active=de887c091c3bfef4 ev=0 fix=0 pend_restore=false subs=18 q=0 qmax=0 cb=0 drop=0 d+0 p=0 rc=0 rc+0 mps=84.5 bps=153395 rtt=1 lag=0 last=93 pm=50489 pr=50489 pb=85228628 w[t=256 ob=0/0 st=64 hm=128 vp=21 c=28]
[soak] t_ms=540588 frame=53521 conn=Connected health=OK streams=16 active=de887c091c3bfef4 ev=0 fix=0 pend_restore=false subs=18 q=0 qmax=0 cb=0 drop=0 d+0 p=0 rc=0 rc+0 mps=45.2 bps=95526 rtt=1 lag=2 last=65 pm=50777 pr=50777 pb=85843041 w[t=256 ob=0/0 st=64 hm=128 vp=21 c=28]
[soak] t_ms=545588 frame=53821 conn=Connected health=OK streams=16 active=de887c091c3bfef4 ev=0 fix=0 pend_restore=false subs=18 q=0 qmax=1 cb=0 drop=0 d+0 p=1 rc=0 rc+0 mps=116.5 bps=205546 rtt=1 lag=1 last=4 pm=51151 pr=51151 pb=86568987 w[t=256 ob=0/0 st=64 hm=128 vp=3 c=28]
[soak] t_ms=550589 frame=54121 conn=Connected health=OK streams=16 active=de887c091c3bfef4 ev=0 fix=0 pend_restore=false subs=18 q=0 qmax=0 cb=0 drop=0 d+0 p=1 rc=0 rc+0 mps=70.9 bps=98591 rtt=1 lag=1 last=12 pm=51430 pr=51430 pb=87007099 w[t=256 ob=0/0 st=64 hm=128 vp=3 c=28]
[soak] t_ms=555605 frame=54422 conn=Connected health=OK streams=16 active=de887c091c3bfef4 ev=0 fix=0 pend_restore=false subs=18 q=0 qmax=0 cb=0 drop=0 d+0 p=2 rc=0 rc+0 mps=46.3 bps=90895 rtt=1 lag=1 last=3 pm=51798 pr=51798 pb=87653880 w[t=256 ob=0/0 st=64 hm=128 vp=9 c=28]
[soak] t_ms=560622 frame=54723 conn=Connected health=OK streams=16 active=de887c091c3bfef4 ev=0 fix=0 pend_restore=false subs=18 q=0 qmax=0 cb=0 drop=0 d+0 p=1 rc=0 rc+0 mps=45.5 bps=80591 rtt=1 lag=7 last=0 pm=52133 pr=52133 pb=88279783 w[t=256 ob=0/0 st=64 hm=128 vp=9 c=28]
[soak] t_ms=565639 frame=55024 conn=Connected health=OK streams=16 active=de887c091c3bfef4 ev=0 fix=0 pend_restore=false subs=18 q=0 qmax=0 cb=0 drop=0 d+0 p=2 rc=0 rc+0 mps=47.9 bps=75913 rtt=1 lag=5 last=9 pm=52360 pr=52360 pb=88624928 w[t=256 ob=0/0 st=64 hm=128 vp=11 c=28]
[soak] t_ms=570639 frame=55324 conn=Connected health=OK streams=16 active=de887c091c3bfef4 ev=0 fix=0 pend_restore=false subs=18 q=0 qmax=0 cb=0 drop=0 d+0 p=0 rc=0 rc+0 mps=40.7 bps=59069 rtt=1 lag=3 last=18 pm=52714 pr=52714 pb=89205640 w[t=256 ob=0/0 st=64 hm=128 vp=11 c=28]
[soak] t_ms=575639 frame=55624 conn=Connected health=OK streams=16 active=de887c091c3bfef4 ev=0 fix=0 pend_restore=false subs=18 q=0 qmax=0 cb=0 drop=0 d+0 p=1 rc=0 rc+0 mps=45.2 bps=69189 rtt=1 lag=1 last=3 pm=52936 pr=52936 pb=89573926 w[t=256 ob=0/0 st=64 hm=128 vp=11 c=28]
[soak] t_ms=580655 frame=55925 conn=Connected health=OK streams=16 active=de887c091c3bfef4 ev=0 fix=0 pend_restore=false subs=18 q=0 qmax=1 cb=0 drop=0 d+0 p=1 rc=0 rc+0 mps=43.3 bps=80309 rtt=1 lag=2 last=8 pm=53325 pr=53325 pb=90182748 w[t=256 ob=0/0 st=64 hm=128 vp=12 c=28]
[soak] t_ms=585655 frame=56225 conn=Connected health=OK streams=16 active=de887c091c3bfef4 ev=0 fix=0 pend_restore=false subs=18 q=0 qmax=1 cb=0 drop=0 d+0 p=1 rc=0 rc+0 mps=124.6 bps=177696 rtt=1 lag=4 last=12 pm=53650 pr=53650 pb=90849485 w[t=256 ob=0/0 st=64 hm=128 vp=12 c=28]
[soak] t_ms=590656 frame=56525 conn=Connected health=OK streams=16 active=de887c091c3bfef4 ev=0 fix=0 pend_restore=false subs=18 q=0 qmax=0 cb=0 drop=0 d+0 p=1 rc=0 rc+0 mps=41.1 bps=68985 rtt=1 lag=1 last=9 pm=53853 pr=53853 pb=91215316 w[t=256 ob=0/0 st=64 hm=128 vp=12 c=28]
[soak] t_ms=595671 frame=56826 conn=Connected health=OK streams=16 active=de887c091c3bfef4 ev=0 fix=0 pend_restore=false subs=18 q=0 qmax=0 cb=0 drop=0 d+0 p=1 rc=0 rc+0 mps=73.0 bps=175533 rtt=1 lag=10 last=5 pm=54141 pr=54141 pb=91792994 w[t=256 ob=0/0 st=64 hm=128 vp=14 c=29]
[soak] t_ms=600672 frame=57126 conn=Connected health=OK streams=16 active=de887c091c3bfef4 ev=0 fix=0 pend_restore=false subs=18 q=2 qmax=0 cb=0 drop=0 d+0 p=0 rc=0 rc+0 mps=45.8 bps=85222 rtt=1 lag=0 last=11 pm=54430 pr=54430 pb=92361244 w[t=256 ob=0/0 st=64 hm=128 vp=14 c=29]
[soak] t_ms=605673 frame=57426 conn=Connected health=OK streams=16 active=de887c091c3bfef4 ev=0 fix=0 pend_restore=false subs=18 q=0 qmax=0 cb=0 drop=0 d+0 p=0 rc=0 rc+0 mps=38.1 bps=54158 rtt=1 lag=3 last=22 pm=54740 pr=54740 pb=92876103 w[t=256 ob=0/0 st=64 hm=128 vp=1 c=29]
[soak] t_ms=610689 frame=57727 conn=Connected health=OK streams=16 active=de887c091c3bfef4 ev=0 fix=0 pend_restore=false subs=18 q=0 qmax=0 cb=0 drop=0 d+0 p=0 rc=0 rc+0 mps=42.6 bps=61631 rtt=1 lag=2 last=36 pm=54969 pr=54969 pb=93215979 w[t=256 ob=0/0 st=64 hm=128 vp=4 c=29]
[soak] t_ms=615705 frame=58028 conn=Connected health=OK streams=16 active=de887c091c3bfef4 ev=0 fix=0 pend_restore=false subs=18 q=1 qmax=0 cb=0 drop=0 d+0 p=0 rc=0 rc+0 mps=42.7 bps=60787 rtt=1 lag=1 last=5 pm=55215 pr=55215 pb=93640126 w[t=256 ob=0/0 st=64 hm=128 vp=7 c=29]
[soak] t_ms=620705 frame=58328 conn=Connected health=OK streams=16 active=de887c091c3bfef4 ev=0 fix=0 pend_restore=false subs=18 q=1 qmax=0 cb=0 drop=0 d+0 p=1 rc=0 rc+0 mps=46.9 bps=74027 rtt=1 lag=1 last=2 pm=55544 pr=55544 pb=94231322 w[t=256 ob=0/0 st=64 hm=128 vp=7 c=29]
[soak] t_ms=625722 frame=58629 conn=Connected health=OK streams=16 active=de887c091c3bfef4 ev=0 fix=0 pend_restore=false subs=18 q=0 qmax=0 cb=0 drop=0 d+0 p=0 rc=0 rc+0 mps=75.5 bps=143949 rtt=1 lag=0 last=55 pm=55937 pr=55937 pb=94918159 w[t=256 ob=0/0 st=64 hm=128 vp=7 c=29]
[soak] t_ms=630739 frame=58930 conn=Connected health=OK streams=16 active=de887c091c3bfef4 ev=0 fix=0 pend_restore=false subs=18 q=0 qmax=0 cb=0 drop=0 d+0 p=0 rc=0 rc+0 mps=50.6 bps=85691 rtt=1 lag=4 last=81 pm=56280 pr=56280 pb=95535640 w[t=256 ob=0/0 st=64 hm=128 vp=7 c=29]
[soak] t_ms=635755 frame=59231 conn=Connected health=OK streams=16 active=de887c091c3bfef4 ev=0 fix=0 pend_restore=false subs=18 q=0 qmax=1 cb=0 drop=0 d+0 p=0 rc=0 rc+0 mps=108.4 bps=202776 rtt=1 lag=1 last=41 pm=56720 pr=56720 pb=96264235 w[t=256 ob=0/0 st=64 hm=128 vp=8 c=29]
[soak] t_ms=640756 frame=59531 conn=Connected health=OK streams=16 active=de887c091c3bfef4 ev=0 fix=0 pend_restore=false subs=18 q=2 qmax=0 cb=0 drop=0 d+0 p=0 rc=0 rc+0 mps=48.0 bps=70498 rtt=1 lag=1 last=7 pm=56959 pr=56959 pb=96684059 w[t=256 ob=0/0 st=64 hm=128 vp=8 c=29]
[soak] t_ms=645772 frame=59832 conn=Connected health=OK streams=16 active=de887c091c3bfef4 ev=0 fix=0 pend_restore=false subs=18 q=0 qmax=0 cb=0 drop=0 d+0 p=1 rc=0 rc+0 mps=47.2 bps=80876 rtt=1 lag=3 last=1 pm=57228 pr=57228 pb=97176149 w[t=256 ob=0/0 st=64 hm=128 vp=10 c=29]
[soak] t_ms=650773 frame=60132 conn=Connected health=OK streams=16 active=de887c091c3bfef4 ev=0 fix=0 pend_restore=false subs=18 q=0 qmax=0 cb=0 drop=0 d+0 p=0 rc=0 rc+0 mps=109.7 bps=193291 rtt=1 lag=1 last=19 pm=57518 pr=57518 pb=97675643 w[t=256 ob=0/0 st=64 hm=128 vp=13 c=29]
[soak] t_ms=655788 frame=60433 conn=Connected health=OK streams=16 active=de887c091c3bfef4 ev=0 fix=0 pend_restore=false subs=18 q=0 qmax=1 cb=0 drop=0 d+0 p=1 rc=0 rc+0 mps=185.5 bps=320105 rtt=1 lag=4 last=8 pm=57970 pr=57970 pb=98565232 w[t=256 ob=0/0 st=64 hm=128 vp=13 c=30]
[soak] t_ms=660789 frame=60733 conn=Connected health=OK streams=16 active=de887c091c3bfef4 ev=0 fix=0 pend_restore=false subs=18 q=1 qmax=1 cb=0 drop=0 d+0 p=1 rc=0 rc+0 mps=67.5 bps=139690 rtt=1 lag=4 last=5 pm=58289 pr=58289 pb=99151636 w[t=256 ob=0/0 st=64 hm=128 vp=14 c=30]
[soak] t_ms=665805 frame=61034 conn=Connected health=OK streams=16 active=de887c091c3bfef4 ev=0 fix=0 pend_restore=false subs=18 q=0 qmax=0 cb=0 drop=0 d+0 p=0 rc=0 rc+0 mps=44.7 bps=71679 rtt=1 lag=2 last=24 pm=58519 pr=58519 pb=99579076 w[t=256 ob=0/0 st=64 hm=128 vp=14 c=30]
[soak] t_ms=670806 frame=61334 conn=Connected health=OK streams=16 active=de887c091c3bfef4 ev=0 fix=0 pend_restore=false subs=18 q=0 qmax=1 cb=0 drop=0 d+0 p=0 rc=0 rc+0 mps=49.1 bps=69119 rtt=1 lag=1 last=183 pm=58901 pr=58901 pb=100176474 w[t=256 ob=0/0 st=64 hm=128 vp=14 c=30]
[soak] t_ms=675821 frame=61635 conn=Connected health=OK streams=16 active=de887c091c3bfef4 ev=0 fix=0 pend_restore=false subs=18 q=0 qmax=1 cb=0 drop=0 d+0 p=1 rc=0 rc+0 mps=116.7 bps=203583 rtt=1 lag=2 last=3 pm=59263 pr=59263 pb=100722214 w[t=256 ob=0/0 st=64 hm=128 vp=5 c=30]
[soak] t_ms=680822 frame=61935 conn=Connected health=OK streams=16 active=de887c091c3bfef4 ev=0 fix=0 pend_restore=false subs=18 q=0 qmax=0 cb=0 drop=0 d+0 p=0 rc=0 rc+0 mps=35.9 bps=58247 rtt=1 lag=1 last=22 pm=59498 pr=59498 pb=101164190 w[t=256 ob=0/0 st=64 hm=128 vp=6 c=30]
[soak] t_ms=685839 frame=62236 conn=Connected health=OK streams=16 active=de887c091c3bfef4 ev=0 fix=0 pend_restore=false subs=18 q=0 qmax=0 cb=0 drop=0 d+0 p=0 rc=0 rc+0 mps=41.7 bps=66428 rtt=1 lag=2 last=32 pm=59795 pr=59795 pb=101668120 w[t=256 ob=0/0 st=64 hm=128 vp=6 c=30]
[soak] t_ms=690856 frame=62537 conn=Connected health=OK streams=16 active=de887c091c3bfef4 ev=0 fix=0 pend_restore=false subs=18 q=0 qmax=0 cb=0 drop=0 d+0 p=0 rc=0 rc+0 mps=50.9 bps=101019 rtt=1 lag=2 last=40 pm=60034 pr=60034 pb=102074139 w[t=256 ob=0/0 st=64 hm=128 vp=8 c=30]
[soak] t_ms=695872 frame=62838 conn=Connected health=OK streams=16 active=de887c091c3bfef4 ev=0 fix=0 pend_restore=false subs=18 q=1 qmax=0 cb=0 drop=0 d+0 p=1 rc=0 rc+0 mps=49.9 bps=82462 rtt=1 lag=0 last=6 pm=60308 pr=60308 pb=102537127 w[t=256 ob=0/0 st=64 hm=128 vp=10 c=30]
[soak] t_ms=700872 frame=63138 conn=Connected health=OK streams=16 active=de887c091c3bfef4 ev=0 fix=0 pend_restore=false subs=18 q=0 qmax=0 cb=0 drop=0 d+0 p=1 rc=0 rc+0 mps=47.0 bps=74946 rtt=1 lag=2 last=2 pm=60582 pr=60582 pb=103007987 w[t=256 ob=0/0 st=64 hm=128 vp=11 c=30]
[soak] t_ms=705889 frame=63439 conn=Connected health=OK streams=16 active=de887c091c3bfef4 ev=0 fix=0 pend_restore=false subs=18 q=0 qmax=0 cb=0 drop=0 d+0 p=1 rc=0 rc+0 mps=53.1 bps=85462 rtt=1 lag=6 last=11 pm=60841 pr=60841 pb=103437169 w[t=256 ob=0/0 st=64 hm=128 vp=13 c=30]
[soak] t_ms=710905 frame=63740 conn=Connected health=OK streams=16 active=de887c091c3bfef4 ev=0 fix=0 pend_restore=false subs=18 q=0 qmax=0 cb=0 drop=0 d+0 p=1 rc=0 rc+0 mps=47.9 bps=76194 rtt=1 lag=2 last=1 pm=61065 pr=61065 pb=103817020 w[t=256 ob=0/0 st=64 hm=128 vp=16 c=30]
[soak] t_ms=715905 frame=64040 conn=Connected health=OK streams=16 active=de887c091c3bfef4 ev=0 fix=0 pend_restore=false subs=18 q=0 qmax=0 cb=0 drop=0 d+0 p=0 rc=0 rc+0 mps=57.3 bps=126006 rtt=1 lag=6 last=218 pm=61367 pr=61367 pb=104431398 w[t=256 ob=0/0 st=64 hm=128 vp=16 c=31]
[soak] t_ms=720921 frame=64341 conn=Connected health=OK streams=16 active=de887c091c3bfef4 ev=0 fix=0 pend_restore=false subs=18 q=0 qmax=0 cb=0 drop=0 d+0 p=1 rc=0 rc+0 mps=28.5 bps=59493 rtt=1 lag=2 last=5 pm=61607 pr=61607 pb=104877333 w[t=256 ob=0/0 st=64 hm=128 vp=16 c=31]
[soak] t_ms=725938 frame=64642 conn=Connected health=OK streams=16 active=de887c091c3bfef4 ev=0 fix=0 pend_restore=false subs=18 q=1 qmax=0 cb=0 drop=0 d+0 p=0 rc=0 rc+0 mps=45.7 bps=106334 rtt=1 lag=1 last=1 pm=61920 pr=61920 pb=105413715 w[t=256 ob=0/0 st=64 hm=128 vp=3 c=31]
[soak] t_ms=730939 frame=64942 conn=Connected health=OK streams=16 active=de887c091c3bfef4 ev=0 fix=0 pend_restore=false subs=18 q=1 qmax=0 cb=0 drop=0 d+0 p=0 rc=0 rc+0 mps=41.9 bps=63009 rtt=1 lag=1 last=6 pm=62138 pr=62138 pb=105752438 w[t=256 ob=0/0 st=64 hm=128 vp=3 c=31]
[soak] t_ms=735955 frame=65243 conn=Connected health=OK streams=16 active=de887c091c3bfef4 ev=0 fix=0 pend_restore=false subs=18 q=0 qmax=0 cb=0 drop=0 d+0 p=0 rc=0 rc+0 mps=58.7 bps=118851 rtt=1 lag=5 last=85 pm=62402 pr=62402 pb=106241826 w[t=256 ob=0/0 st=64 hm=128 vp=3 c=31]
[soak] t_ms=740956 frame=65543 conn=Connected health=OK streams=16 active=de887c091c3bfef4 ev=0 fix=0 pend_restore=false subs=18 q=0 qmax=1 cb=0 drop=0 d+0 p=0 rc=0 rc+0 mps=116.9 bps=157979 rtt=1 lag=8 last=104 pm=62788 pr=62788 pb=106811077 w[t=256 ob=0/0 st=64 hm=128 vp=3 c=31]
[soak] t_ms=745971 frame=65844 conn=Connected health=OK streams=16 active=de887c091c3bfef4 ev=0 fix=0 pend_restore=false subs=18 q=0 qmax=0 cb=0 drop=0 d+0 p=1 rc=0 rc+0 mps=53.7 bps=96917 rtt=1 lag=1 last=4 pm=63097 pr=63097 pb=107376065 w[t=256 ob=0/0 st=64 hm=128 vp=3 c=31]
[soak] t_ms=750972 frame=66144 conn=Connected health=OK streams=16 active=de887c091c3bfef4 ev=0 fix=0 pend_restore=false subs=18 q=0 qmax=0 cb=0 drop=0 d+0 p=0 rc=0 rc+0 mps=49.5 bps=69491 rtt=1 lag=2 last=68 pm=63319 pr=63319 pb=107733889 w[t=256 ob=0/0 st=64 hm=128 vp=4 c=31]
[soak] t_ms=755989 frame=66445 conn=Connected health=OK streams=16 active=de887c091c3bfef4 ev=0 fix=0 pend_restore=false subs=18 q=0 qmax=0 cb=0 drop=0 d+0 p=0 rc=0 rc+0 mps=57.2 bps=83963 rtt=1 lag=1 last=48 pm=63537 pr=63537 pb=108084456 w[t=256 ob=0/0 st=64 hm=128 vp=4 c=31]
[soak] t_ms=761005 frame=66746 conn=Connected health=OK streams=16 active=de887c091c3bfef4 ev=0 fix=0 pend_restore=false subs=18 q=0 qmax=0 cb=0 drop=0 d+0 p=0 rc=0 rc+0 mps=42.4 bps=71118 rtt=1 lag=2 last=169 pm=63999 pr=63999 pb=108773791 w[t=256 ob=0/0 st=64 hm=128 vp=4 c=31]
[soak] t_ms=766005 frame=67046 conn=Connected health=OK streams=16 active=de887c091c3bfef4 ev=0 fix=0 pend_restore=false subs=18 q=0 qmax=0 cb=0 drop=0 d+0 p=1 rc=0 rc+0 mps=101.6 bps=119107 rtt=1 lag=8 last=0 pm=64286 pr=64286 pb=109222303 w[t=256 ob=0/0 st=64 hm=128 vp=4 c=31]
[soak] t_ms=771022 frame=67347 conn=Connected health=OK streams=16 active=de887c091c3bfef4 ev=0 fix=0 pend_restore=false subs=18 q=0 qmax=0 cb=0 drop=0 d+0 p=1 rc=0 rc+0 mps=41.9 bps=83437 rtt=1 lag=2 last=3 pm=64669 pr=64669 pb=109812504 w[t=256 ob=0/0 st=64 hm=128 vp=5 c=31]
[soak] t_ms=776022 frame=67647 conn=Connected health=OK streams=16 active=de887c091c3bfef4 ev=0 fix=0 pend_restore=false subs=18 q=1 qmax=0 cb=0 drop=0 d+0 p=0 rc=0 rc+0 mps=176.2 bps=315991 rtt=1 lag=1 last=15 pm=65038 pr=65038 pb=110522421 w[t=256 ob=0/0 st=64 hm=128 vp=6 c=32]
[soak] t_ms=781039 frame=67948 conn=Connected health=OK streams=16 active=de887c091c3bfef4 ev=0 fix=0 pend_restore=false subs=18 q=0 qmax=0 cb=0 drop=0 d+0 p=0 rc=0 rc+0 mps=50.9 bps=87145 rtt=1 lag=1 last=19 pm=65270 pr=65270 pb=110943632 w[t=256 ob=0/0 st=64 hm=128 vp=8 c=32]
[soak] t_ms=786056 frame=68249 conn=Connected health=OK streams=16 active=de887c091c3bfef4 ev=0 fix=0 pend_restore=false subs=18 q=0 qmax=0 cb=0 drop=0 d+0 p=1 rc=0 rc+0 mps=48.0 bps=102898 rtt=1 lag=3 last=3 pm=65491 pr=65491 pb=111293003 w[t=256 ob=0/0 st=64 hm=128 vp=1 c=32]
[soak] t_ms=791071 frame=68550 conn=Connected health=OK streams=16 active=de887c091c3bfef4 ev=0 fix=0 pend_restore=false subs=18 q=0 qmax=1 cb=0 drop=0 d+0 p=1 rc=0 rc+0 mps=142.6 bps=165790 rtt=1 lag=2 last=4 pm=65865 pr=65865 pb=111863551 w[t=256 ob=0/0 st=64 hm=128 vp=3 c=32]
[soak] t_ms=796072 frame=68850 conn=Connected health=OK streams=16 active=de887c091c3bfef4 ev=0 fix=0 pend_restore=false subs=18 q=0 qmax=1 cb=0 drop=0 d+0 p=1 rc=0 rc+0 mps=38.5 bps=58232 rtt=1 lag=4 last=11 pm=66194 pr=66194 pb=112340148 w[t=256 ob=0/0 st=64 hm=128 vp=4 c=32]
[soak] t_ms=801089 frame=69151 conn=Connected health=OK streams=16 active=de887c091c3bfef4 ev=0 fix=0 pend_restore=false subs=18 q=1 qmax=0 cb=0 drop=0 d+0 p=1 rc=0 rc+0 mps=46.0 bps=65988 rtt=1 lag=0 last=2 pm=66493 pr=66493 pb=112782663 w[t=256 ob=0/0 st=64 hm=128 vp=6 c=32]
[soak] t_ms=806089 frame=69451 conn=Connected health=OK streams=16 active=de887c091c3bfef4 ev=0 fix=0 pend_restore=false subs=18 q=0 qmax=0 cb=0 drop=0 d+0 p=2 rc=0 rc+0 mps=104.0 bps=164048 rtt=1 lag=1 last=3 pm=66878 pr=66878 pb=113366916 w[t=256 ob=0/0 st=64 hm=128 vp=8 c=32]
[soak] t_ms=811106 frame=69752 conn=Connected health=OK streams=16 active=de887c091c3bfef4 ev=0 fix=0 pend_restore=false subs=18 q=0 qmax=1 cb=0 drop=0 d+0 p=2 rc=0 rc+0 mps=60.6 bps=117676 rtt=1 lag=1 last=6 pm=67212 pr=67212 pb=113982665 w[t=256 ob=0/0 st=64 hm=128 vp=8 c=32]
[soak] t_ms=816122 frame=70053 conn=Connected health=OK streams=16 active=de887c091c3bfef4 ev=0 fix=0 pend_restore=false subs=18 q=1 qmax=0 cb=0 drop=0 d+0 p=0 rc=0 rc+0 mps=41.8 bps=59292 rtt=1 lag=1 last=6 pm=67436 pr=67436 pb=114345505 w[t=256 ob=0/0 st=64 hm=128 vp=8 c=32]
[soak] t_ms=821122 frame=70353 conn=Connected health=OK streams=16 active=de887c091c3bfef4 ev=0 fix=0 pend_restore=false subs=18 q=0 qmax=0 cb=0 drop=0 d+0 p=1 rc=0 rc+0 mps=41.1 bps=60169 rtt=1 lag=7 last=2 pm=67646 pr=67646 pb=114642908 w[t=256 ob=0/0 st=64 hm=128 vp=8 c=32]
[soak] t_ms=826139 frame=70654 conn=Connected health=OK streams=16 active=de887c091c3bfef4 ev=0 fix=0 pend_restore=false subs=18 q=0 qmax=0 cb=0 drop=0 d+0 p=1 rc=0 rc+0 mps=65.2 bps=142707 rtt=1 lag=1 last=11 pm=67941 pr=67941 pb=115165774 w[t=256 ob=0/0 st=64 hm=128 vp=8 c=32]
[soak] t_ms=831139 frame=70954 conn=Connected health=OK streams=16 active=de887c091c3bfef4 ev=0 fix=0 pend_restore=false subs=18 q=0 qmax=1 cb=0 drop=0 d+0 p=1 rc=0 rc+0 mps=50.0 bps=91352 rtt=1 lag=7 last=7 pm=68155 pr=68155 pb=115545615 w[t=256 ob=0/0 st=64 hm=128 vp=8 c=32]
[soak] t_ms=836139 frame=71254 conn=Connected health=OK streams=16 active=de887c091c3bfef4 ev=0 fix=0 pend_restore=false subs=18 q=0 qmax=0 cb=0 drop=0 d+0 p=0 rc=0 rc+0 mps=250.7 bps=371790 rtt=1 lag=1 last=26 pm=68630 pr=68630 pb=116337705 w[t=256 ob=0/0 st=64 hm=128 vp=8 c=33]
[soak] t_ms=841156 frame=71555 conn=Connected health=OK streams=16 active=de887c091c3bfef4 ev=0 fix=0 pend_restore=false subs=18 q=0 qmax=1 cb=0 drop=0 d+0 p=1 rc=0 rc+0 mps=202.2 bps=223635 rtt=1 lag=2 last=14 pm=69017 pr=69017 pb=116885340 w[t=256 ob=0/0 st=64 hm=128 vp=10 c=33]
[soak] t_ms=846172 frame=71856 conn=Connected health=OK streams=16 active=de887c091c3bfef4 ev=0 fix=0 pend_restore=false subs=18 q=0 qmax=0 cb=0 drop=0 d+0 p=0 rc=0 rc+0 mps=44.1 bps=80315 rtt=1 lag=1 last=33 pm=69276 pr=69276 pb=117298089 w[t=256 ob=0/0 st=64 hm=128 vp=1 c=33]
[soak] t_ms=851185 frame=72319 conn=Connected health=OK streams=16 active=de887c091c3bfef4 ev=0 fix=0 pend_restore=false subs=18 q=0 qmax=0 cb=0 drop=0 d+0 p=0 rc=0 rc+0 mps=42.6 bps=72366 rtt=1 lag=3 last=64 pm=69490 pr=69490 pb=117635315 w[t=256 ob=0/0 st=64 hm=128 vp=3 c=33]
[soak] t_ms=856188 frame=72644 conn=Connected health=OK streams=16 active=de887c091c3bfef4 ev=0 fix=0 pend_restore=false subs=18 q=0 qmax=0 cb=0 drop=0 d+0 p=0 rc=0 rc+0 mps=43.3 bps=71863 rtt=1 lag=3 last=40 pm=69707 pr=69707 pb=117978112 w[t=256 ob=0/0 st=64 hm=128 vp=3 c=33]
[soak] t_ms=861189 frame=72944 conn=Connected health=OK streams=16 active=de887c091c3bfef4 ev=0 fix=0 pend_restore=false subs=18 q=11 qmax=0 cb=0 drop=0 d+0 p=0 rc=0 rc+0 mps=44.6 bps=74231 rtt=1 lag=1 last=1 pm=70134 pr=70134 pb=118599361 w[t=256 ob=0/0 st=64 hm=128 vp=5 c=33]
[soak] t_ms=866205 frame=73245 conn=Connected health=OK streams=16 active=de887c091c3bfef4 ev=0 fix=0 pend_restore=false subs=18 q=0 qmax=0 cb=0 drop=0 d+0 p=0 rc=0 rc+0 mps=40.0 bps=67090 rtt=1 lag=2 last=31 pm=70406 pr=70406 pb=119112799 w[t=256 ob=0/0 st=64 hm=128 vp=5 c=33]
[soak] t_ms=871222 frame=73546 conn=Connected health=OK streams=16 active=de887c091c3bfef4 ev=0 fix=0 pend_restore=false subs=18 q=9 qmax=0 cb=0 drop=0 d+0 p=0 rc=0 rc+0 mps=40.4 bps=68620 rtt=1 lag=1 last=1 pm=70698 pr=70698 pb=119591785 w[t=256 ob=0/0 st=64 hm=128 vp=8 c=33]
[soak] t_ms=876222 frame=73846 conn=Connected health=OK streams=16 active=de887c091c3bfef4 ev=0 fix=0 pend_restore=false subs=18 q=0 qmax=0 cb=0 drop=0 d+0 p=0 rc=0 rc+0 mps=51.2 bps=115963 rtt=1 lag=1 last=64 pm=71116 pr=71116 pb=120286433 w[t=256 ob=0/0 st=64 hm=128 vp=9 c=33]
[soak] t_ms=881239 frame=74147 conn=Connected health=OK streams=16 active=de887c091c3bfef4 ev=0 fix=0 pend_restore=false subs=18 q=0 qmax=1 cb=0 drop=0 d+0 p=0 rc=0 rc+0 mps=38.3 bps=73593 rtt=3 lag=1 last=21 pm=71445 pr=71445 pb=120775473 w[t=256 ob=0/0 st=64 hm=128 vp=10 c=33]
[soak] t_ms=886255 frame=74448 conn=Connected health=OK streams=16 active=de887c091c3bfef4 ev=0 fix=0 pend_restore=false subs=18 q=0 qmax=0 cb=0 drop=0 d+0 p=1 rc=0 rc+0 mps=40.8 bps=83807 rtt=3 lag=1 last=6 pm=71674 pr=71674 pb=121220135 w[t=256 ob=0/0 st=64 hm=128 vp=14 c=33]
[soak] t_ms=891255 frame=74748 conn=Connected health=OK streams=16 active=de887c091c3bfef4 ev=0 fix=0 pend_restore=false subs=18 q=0 qmax=0 cb=0 drop=0 d+0 p=1 rc=0 rc+0 mps=45.5 bps=78856 rtt=3 lag=2 last=4 pm=71880 pr=71880 pb=121589637 w[t=256 ob=0/0 st=64 hm=128 vp=15 c=33]
[soak] t_ms=896272 frame=75049 conn=Connected health=OK streams=16 active=de887c091c3bfef4 ev=0 fix=0 pend_restore=false subs=18 q=1 qmax=0 cb=0 drop=0 d+0 p=1 rc=0 rc+0 mps=113.4 bps=176246 rtt=3 lag=1 last=9 pm=72295 pr=72295 pb=122301652 w[t=256 ob=0/0 st=64 hm=128 vp=15 c=34]
[soak] t_ms=901288 frame=75350 conn=Connected health=OK streams=16 active=de887c091c3bfef4 ev=0 fix=0 pend_restore=false subs=18 q=0 qmax=1 cb=0 drop=0 d+0 p=0 rc=0 rc+0 mps=62.2 bps=130349 rtt=1 lag=2 last=38 pm=72688 pr=72688 pb=123023779 w[t=256 ob=0/0 st=64 hm=128 vp=15 c=34]
[soak] t_ms=906289 frame=75650 conn=Connected health=OK streams=16 active=de887c091c3bfef4 ev=0 fix=0 pend_restore=false subs=18 q=0 qmax=0 cb=0 drop=0 d+0 p=1 rc=0 rc+0 mps=45.8 bps=67806 rtt=1 lag=4 last=0 pm=72967 pr=72967 pb=123506677 w[t=256 ob=0/0 st=64 hm=128 vp=3 c=34]
[soak] t_ms=911305 frame=75951 conn=Connected health=OK streams=16 active=de887c091c3bfef4 ev=0 fix=0 pend_restore=false subs=18 q=0 qmax=0 cb=0 drop=0 d+0 p=0 rc=0 rc+0 mps=46.5 bps=68449 rtt=1 lag=11 last=27 pm=73310 pr=73310 pb=124096840 w[t=256 ob=0/0 st=64 hm=128 vp=6 c=34]
[soak] t_ms=916322 frame=76252 conn=Connected health=OK streams=16 active=de887c091c3bfef4 ev=0 fix=0 pend_restore=false subs=18 q=10 qmax=1 cb=0 drop=0 d+0 p=1 rc=0 rc+0 mps=261.5 bps=197794 rtt=1 lag=1 last=2 pm=74136 pr=74136 pb=124902356 w[t=256 ob=0/0 st=64 hm=128 vp=6 c=34]
[soak] t_ms=921338 frame=76553 conn=Connected health=OK streams=16 active=de887c091c3bfef4 ev=0 fix=0 pend_restore=false subs=18 q=0 qmax=0 cb=0 drop=0 d+0 p=0 rc=0 rc+0 mps=41.3 bps=82600 rtt=1 lag=0 last=48 pm=74880 pr=74880 pb=126405534 w[t=256 ob=0/0 st=64 hm=128 vp=6 c=34]
[soak] t_ms=926339 frame=76853 conn=Connected health=OK streams=16 active=de887c091c3bfef4 ev=0 fix=0 pend_restore=false subs=18 q=0 qmax=0 cb=0 drop=0 d+0 p=0 rc=0 rc+0 mps=44.8 bps=78456 rtt=1 lag=8 last=68 pm=75213 pr=75213 pb=127028352 w[t=256 ob=0/0 st=64 hm=128 vp=15 c=34]
[soak] t_ms=931355 frame=77154 conn=Connected health=OK streams=16 active=de887c091c3bfef4 ev=0 fix=0 pend_restore=false subs=18 q=1 qmax=0 cb=0 drop=0 d+0 p=0 rc=0 rc+0 mps=47.9 bps=101818 rtt=1 lag=1 last=9 pm=75639 pr=75639 pb=127872282 w[t=256 ob=0/0 st=64 hm=128 vp=16 c=34]
[soak] t_ms=936372 frame=77455 conn=Connected health=OK streams=16 active=de887c091c3bfef4 ev=0 fix=0 pend_restore=false subs=18 q=0 qmax=0 cb=0 drop=0 d+0 p=0 rc=0 rc+0 mps=43.9 bps=83952 rtt=1 lag=2 last=32 pm=75912 pr=75912 pb=128376901 w[t=256 ob=0/0 st=64 hm=128 vp=16 c=34]
[soak] t_ms=941372 frame=77755 conn=Connected health=OK streams=16 active=de887c091c3bfef4 ev=0 fix=0 pend_restore=false subs=18 q=0 qmax=0 cb=0 drop=0 d+0 p=1 rc=0 rc+0 mps=56.9 bps=87182 rtt=1 lag=8 last=7 pm=76355 pr=76355 pb=129160779 w[t=256 ob=0/0 st=64 hm=128 vp=17 c=34]
[soak] t_ms=946389 frame=78056 conn=Connected health=OK streams=16 active=de887c091c3bfef4 ev=0 fix=0 pend_restore=false subs=18 q=19 qmax=0 cb=0 drop=0 d+0 p=0 rc=0 rc+0 mps=40.4 bps=113595 rtt=1 lag=1 last=4 pm=76654 pr=76654 pb=129722032 w[t=256 ob=0/0 st=64 hm=128 vp=23 c=34]
[soak] t_ms=951389 frame=78356 conn=Connected health=OK streams=16 active=de887c091c3bfef4 ev=0 fix=0 pend_restore=false subs=18 q=0 qmax=0 cb=0 drop=0 d+0 p=1 rc=0 rc+0 mps=128.5 bps=152476 rtt=1 lag=2 last=3 pm=77028 pr=77028 pb=130430237 w[t=256 ob=0/0 st=64 hm=128 vp=24 c=34]
[soak] t_ms=956389 frame=78656 conn=Connected health=OK streams=16 active=de887c091c3bfef4 ev=0 fix=0 pend_restore=false subs=18 q=0 qmax=0 cb=0 drop=0 d+0 p=1 rc=0 rc+0 mps=44.0 bps=88209 rtt=1 lag=2 last=10 pm=77276 pr=77276 pb=130949210 w[t=256 ob=0/0 st=64 hm=128 vp=24 c=35]
[soak] t_ms=961405 frame=78957 conn=Connected health=OK streams=16 active=de887c091c3bfef4 ev=0 fix=0 pend_restore=false subs=18 q=3 qmax=0 cb=0 drop=0 d+0 p=1 rc=0 rc+0 mps=48.4 bps=104109 rtt=1 lag=0 last=1 pm=77743 pr=77743 pb=131823040 w[t=256 ob=0/0 st=64 hm=128 vp=24 c=35]
[soak] t_ms=966421 frame=79258 conn=Connected health=OK streams=16 active=de887c091c3bfef4 ev=0 fix=0 pend_restore=false subs=18 q=0 qmax=0 cb=0 drop=0 d+0 p=0 rc=0 rc+0 mps=61.0 bps=89627 rtt=1 lag=1 last=17 pm=78259 pr=78259 pb=132728063 w[t=256 ob=0/0 st=64 hm=128 vp=24 c=35]
[soak] t_ms=971422 frame=79558 conn=Connected health=OK streams=16 active=de887c091c3bfef4 ev=0 fix=0 pend_restore=false subs=18 q=0 qmax=1 cb=0 drop=0 d+0 p=1 rc=0 rc+0 mps=116.0 bps=194091 rtt=1 lag=2 last=14 pm=78615 pr=78615 pb=133350180 w[t=256 ob=0/0 st=64 hm=128 vp=7 c=35]
[soak] t_ms=976438 frame=79859 conn=Connected health=OK streams=16 active=de887c091c3bfef4 ev=0 fix=0 pend_restore=false subs=18 q=0 qmax=0 cb=0 drop=0 d+0 p=1 rc=0 rc+0 mps=45.0 bps=67104 rtt=1 lag=2 last=3 pm=78906 pr=78906 pb=133749681 w[t=256 ob=0/0 st=64 hm=128 vp=13 c=35]
[soak] t_ms=981438 frame=80159 conn=Connected health=OK streams=16 active=de887c091c3bfef4 ev=0 fix=0 pend_restore=false subs=18 q=0 qmax=0 cb=0 drop=0 d+0 p=0 rc=0 rc+0 mps=39.9 bps=70839 rtt=1 lag=2 last=47 pm=79366 pr=79366 pb=134453066 w[t=256 ob=0/0 st=64 hm=128 vp=14 c=35]
[soak] t_ms=986439 frame=80459 conn=Connected health=OK streams=16 active=de887c091c3bfef4 ev=0 fix=0 pend_restore=false subs=18 q=0 qmax=0 cb=0 drop=0 d+0 p=0 rc=0 rc+0 mps=48.8 bps=93572 rtt=1 lag=1 last=36 pm=79704 pr=79704 pb=135135938 w[t=256 ob=0/0 st=64 hm=128 vp=14 c=35]
[soak] t_ms=991439 frame=80759 conn=Connected health=OK streams=16 active=de887c091c3bfef4 ev=0 fix=0 pend_restore=false subs=18 q=0 qmax=0 cb=0 drop=0 d+0 p=0 rc=0 rc+0 mps=84.6 bps=133956 rtt=1 lag=1 last=26 pm=80104 pr=80104 pb=135826299 w[t=256 ob=0/0 st=64 hm=128 vp=14 c=35]
[soak] t_ms=996455 frame=81060 conn=Connected health=OK streams=16 active=de887c091c3bfef4 ev=0 fix=0 pend_restore=false subs=18 q=10 qmax=1 cb=0 drop=0 d+0 p=1 rc=0 rc+0 mps=165.7 bps=246336 rtt=1 lag=6 last=0 pm=80513 pr=80513 pb=136467595 w[t=256 ob=0/0 st=64 hm=128 vp=15 c=35]
[soak] t_ms=1001456 frame=81360 conn=Connected health=OK streams=16 active=de887c091c3bfef4 ev=0 fix=0 pend_restore=false subs=18 q=0 qmax=0 cb=0 drop=0 d+0 p=0 rc=0 rc+0 mps=43.9 bps=74986 rtt=1 lag=3 last=28 pm=80843 pr=80843 pb=137093514 w[t=256 ob=0/0 st=64 hm=128 vp=16 c=35]
[soak] t_ms=1006473 frame=81661 conn=Connected health=OK streams=16 active=de887c091c3bfef4 ev=0 fix=0 pend_restore=false subs=18 q=1 qmax=0 cb=0 drop=0 d+0 p=1 rc=0 rc+0 mps=50.2 bps=83874 rtt=1 lag=1 last=0 pm=81069 pr=81069 pb=137462184 w[t=256 ob=0/0 st=64 hm=128 vp=16 c=35]
[soak] t_ms=1011488 frame=81962 conn=Connected health=OK streams=16 active=de887c091c3bfef4 ev=0 fix=0 pend_restore=false subs=18 q=0 qmax=0 cb=0 drop=0 d+0 p=0 rc=0 rc+0 mps=47.0 bps=85168 rtt=1 lag=1 last=26 pm=81289 pr=81289 pb=137882462 w[t=256 ob=0/0 st=64 hm=128 vp=16 c=35]
[soak] t_ms=1016489 frame=82262 conn=Connected health=OK streams=16 active=de887c091c3bfef4 ev=0 fix=0 pend_restore=false subs=18 q=0 qmax=1 cb=0 drop=0 d+0 p=0 rc=0 rc+0 mps=277.1 bps=363012 rtt=1 lag=0 last=21 pm=81811 pr=81811 pb=138614832 w[t=256 ob=0/0 st=64 hm=128 vp=16 c=36]
[soak] t_ms=1021505 frame=82563 conn=Connected health=OK streams=16 active=de887c091c3bfef4 ev=0 fix=0 pend_restore=false subs=18 q=0 qmax=0 cb=0 drop=0 d+0 p=0 rc=0 rc+0 mps=50.8 bps=80075 rtt=2 lag=1 last=55 pm=82057 pr=82057 pb=139051289 w[t=256 ob=0/0 st=64 hm=128 vp=16 c=36]
[soak] t_ms=1026505 frame=82863 conn=Connected health=OK streams=16 active=de887c091c3bfef4 ev=0 fix=0 pend_restore=false subs=18 q=1 qmax=0 cb=0 drop=0 d+0 p=0 rc=0 rc+0 mps=42.0 bps=71510 rtt=2 lag=1 last=4 pm=82402 pr=82402 pb=139556800 w[t=256 ob=0/0 st=64 hm=128 vp=2 c=36]
[soak] t_ms=1031506 frame=83163 conn=Connected health=OK streams=16 active=de887c091c3bfef4 ev=0 fix=0 pend_restore=false subs=18 q=0 qmax=0 cb=0 drop=0 d+0 p=0 rc=0 rc+0 mps=65.2 bps=116734 rtt=2 lag=3 last=21 pm=82766 pr=82766 pb=140166308 w[t=256 ob=0/0 st=64 hm=128 vp=2 c=36]
[soak] t_ms=1036522 frame=83464 conn=Connected health=OK streams=16 active=de887c091c3bfef4 ev=0 fix=0 pend_restore=false subs=18 q=1 qmax=0 cb=0 drop=0 d+0 p=1 rc=0 rc+0 mps=53.2 bps=92816 rtt=2 lag=2 last=11 pm=83091 pr=83091 pb=140610827 w[t=256 ob=0/0 st=64 hm=128 vp=2 c=36]
[soak] t_ms=1041522 frame=83764 conn=Connected health=OK streams=16 active=de887c091c3bfef4 ev=0 fix=0 pend_restore=false subs=18 q=0 qmax=0 cb=0 drop=0 d+0 p=1 rc=0 rc+0 mps=45.9 bps=55290 rtt=2 lag=1 last=9 pm=83319 pr=83319 pb=140948843 w[t=256 ob=0/0 st=64 hm=128 vp=5 c=36]
[soak] t_ms=1046539 frame=84065 conn=Connected health=OK streams=16 active=de887c091c3bfef4 ev=0 fix=0 pend_restore=false subs=18 q=0 qmax=0 cb=0 drop=0 d+0 p=1 rc=0 rc+0 mps=44.7 bps=72427 rtt=2 lag=5 last=3 pm=83580 pr=83580 pb=141369285 w[t=256 ob=0/0 st=64 hm=128 vp=5 c=36]
[soak] t_ms=1051539 frame=84365 conn=Connected health=OK streams=16 active=de887c091c3bfef4 ev=0 fix=0 pend_restore=false subs=18 q=1 qmax=0 cb=0 drop=0 d+0 p=1 rc=0 rc+0 mps=57.9 bps=114574 rtt=2 lag=3 last=5 pm=84023 pr=84023 pb=142130423 w[t=256 ob=0/0 st=64 hm=128 vp=6 c=36]
[soak] t_ms=1056555 frame=84666 conn=Connected health=OK streams=16 active=de887c091c3bfef4 ev=0 fix=0 pend_restore=false subs=18 q=0 qmax=0 cb=0 drop=0 d+0 p=0 rc=0 rc+0 mps=38.9 bps=50650 rtt=2 lag=3 last=17 pm=84256 pr=84256 pb=142488908 w[t=256 ob=0/0 st=64 hm=128 vp=6 c=36]
[soak] t_ms=1061572 frame=84967 conn=Connected health=OK streams=16 active=de887c091c3bfef4 ev=0 fix=0 pend_restore=false subs=18 q=1 qmax=0 cb=0 drop=0 d+0 p=0 rc=0 rc+0 mps=52.0 bps=77404 rtt=2 lag=1 last=13 pm=84552 pr=84552 pb=143020052 w[t=256 ob=0/0 st=64 hm=128 vp=8 c=36]
[soak] t_ms=1066572 frame=85267 conn=Connected health=OK streams=16 active=de887c091c3bfef4 ev=0 fix=0 pend_restore=false subs=18 q=0 qmax=0 cb=0 drop=0 d+0 p=0 rc=0 rc+0 mps=88.3 bps=169885 rtt=2 lag=1 last=91 pm=84917 pr=84917 pb=143640169 w[t=256 ob=0/0 st=64 hm=128 vp=9 c=36]
[soak] t_ms=1071572 frame=85567 conn=Connected health=OK streams=16 active=de887c091c3bfef4 ev=0 fix=0 pend_restore=false subs=18 q=0 qmax=0 cb=0 drop=0 d+0 p=1 rc=0 rc+0 mps=58.7 bps=116581 rtt=2 lag=3 last=0 pm=85251 pr=85251 pb=144182721 w[t=256 ob=0/0 st=64 hm=128 vp=11 c=36]
[soak] t_ms=1076589 frame=85868 conn=Connected health=OK streams=16 active=de887c091c3bfef4 ev=0 fix=0 pend_restore=false subs=18 q=5 qmax=0 cb=0 drop=0 d+0 p=0 rc=0 rc+0 mps=94.6 bps=148630 rtt=2 lag=1 last=2 pm=85560 pr=85560 pb=144677777 w[t=256 ob=0/0 st=64 hm=128 vp=12 c=37]
[soak] t_ms=1081589 frame=86168 conn=Connected health=OK streams=16 active=de887c091c3bfef4 ev=0 fix=0 pend_restore=false subs=18 q=0 qmax=0 cb=0 drop=0 d+0 p=0 rc=0 rc+0 mps=116.8 bps=194798 rtt=2 lag=2 last=24 pm=85880 pr=85880 pb=145243699 w[t=256 ob=0/0 st=64 hm=128 vp=12 c=37]
[soak] t_ms=1086605 frame=86469 conn=Connected health=OK streams=16 active=de887c091c3bfef4 ev=0 fix=0 pend_restore=false subs=18 q=2 qmax=0 cb=0 drop=0 d+0 p=1 rc=0 rc+0 mps=80.0 bps=171000 rtt=2 lag=1 last=2 pm=86271 pr=86271 pb=145836420 w[t=256 ob=0/0 st=64 hm=128 vp=1 c=37]
[soak] t_ms=1091606 frame=86769 conn=Connected health=OK streams=16 active=de887c091c3bfef4 ev=0 fix=0 pend_restore=false subs=18 q=1 qmax=0 cb=0 drop=0 d+0 p=0 rc=0 rc+0 mps=152.8 bps=253580 rtt=2 lag=1 last=9 pm=86877 pr=86877 pb=146620179 w[t=256 ob=0/0 st=64 hm=128 vp=6 c=37]
[soak] t_ms=1096623 frame=87070 conn=Connected health=OK streams=16 active=de887c091c3bfef4 ev=0 fix=0 pend_restore=false subs=18 q=0 qmax=0 cb=0 drop=0 d+0 p=2 rc=0 rc+0 mps=60.2 bps=119423 rtt=2 lag=5 last=5 pm=87251 pr=87251 pb=147240698 w[t=256 ob=0/0 st=64 hm=128 vp=7 c=37]
[soak] t_ms=1101639 frame=87371 conn=Connected health=OK streams=16 active=de887c091c3bfef4 ev=0 fix=0 pend_restore=false subs=18 q=0 qmax=0 cb=0 drop=0 d+0 p=1 rc=0 rc+0 mps=88.5 bps=153039 rtt=2 lag=4 last=7 pm=87577 pr=87577 pb=147786629 w[t=256 ob=0/0 st=64 hm=128 vp=9 c=37]
[soak] t_ms=1106639 frame=87671 conn=Connected health=OK streams=16 active=de887c091c3bfef4 ev=0 fix=0 pend_restore=false subs=18 q=0 qmax=0 cb=0 drop=0 d+0 p=0 rc=0 rc+0 mps=46.2 bps=88091 rtt=2 lag=1 last=18 pm=87853 pr=87853 pb=148246132 w[t=256 ob=0/0 st=64 hm=128 vp=14 c=37]
[soak] t_ms=1111640 frame=87969 conn=Connected health=OK streams=16 active=de887c091c3bfef4 ev=0 fix=0 pend_restore=false subs=18 q=2 qmax=0 cb=0 drop=0 d+0 p=1 rc=0 rc+0 mps=43.9 bps=80656 rtt=2 lag=0 last=4 pm=88297 pr=88297 pb=149011643 w[t=256 ob=0/0 st=64 hm=128 vp=15 c=37]
[soak] t_ms=1116656 frame=88270 conn=Connected health=OK streams=16 active=de887c091c3bfef4 ev=0 fix=0 pend_restore=false subs=18 q=1 qmax=0 cb=0 drop=0 d+0 p=0 rc=0 rc+0 mps=59.5 bps=103316 rtt=2 lag=1 last=11 pm=88531 pr=88531 pb=149420543 w[t=256 ob=0/0 st=64 hm=128 vp=16 c=37]
[soak] t_ms=1121656 frame=88570 conn=Connected health=OK streams=16 active=de887c091c3bfef4 ev=0 fix=0 pend_restore=false subs=18 q=0 qmax=0 cb=0 drop=0 d+0 p=0 rc=0 rc+0 mps=44.5 bps=73843 rtt=2 lag=3 last=23 pm=88772 pr=88772 pb=149862286 w[t=256 ob=0/0 st=64 hm=128 vp=16 c=37]
[soak] t_ms=1126671 frame=88871 conn=Connected health=OK streams=16 active=de887c091c3bfef4 ev=0 fix=0 pend_restore=false subs=18 q=0 qmax=0 cb=0 drop=0 d+0 p=0 rc=0 rc+0 mps=45.6 bps=79056 rtt=2 lag=2 last=49 pm=89202 pr=89202 pb=150647041 w[t=256 ob=0/0 st=64 hm=128 vp=16 c=37]
[soak] t_ms=1131673 frame=89171 conn=Connected health=OK streams=16 active=de887c091c3bfef4 ev=0 fix=0 pend_restore=false subs=18 q=0 qmax=0 cb=0 drop=0 d+0 p=0 rc=0 rc+0 mps=48.8 bps=96466 rtt=2 lag=4 last=53 pm=89485 pr=89485 pb=151131282 w[t=256 ob=0/0 st=64 hm=128 vp=16 c=37]
[soak] t_ms=1136673 frame=89471 conn=Connected health=OK streams=16 active=de887c091c3bfef4 ev=0 fix=0 pend_restore=false subs=18 q=0 qmax=0 cb=0 drop=0 d+0 p=0 rc=0 rc+0 mps=54.5 bps=107249 rtt=2 lag=108 last=29 pm=89782 pr=89782 pb=151662647 w[t=256 ob=0/0 st=64 hm=128 vp=18 c=38]
[soak] t_ms=1141690 frame=89772 conn=Connected health=OK streams=16 active=de887c091c3bfef4 ev=0 fix=0 pend_restore=false subs=18 q=0 qmax=0 cb=0 drop=0 d+0 p=0 rc=0 rc+0 mps=40.4 bps=82414 rtt=2 lag=62 last=52 pm=90123 pr=90123 pb=152309349 w[t=256 ob=0/0 st=64 hm=128 vp=18 c=38]
[soak] t_ms=1146691 frame=90072 conn=Connected health=OK streams=16 active=de887c091c3bfef4 ev=0 fix=0 pend_restore=false subs=18 q=0 qmax=0 cb=0 drop=0 d+0 p=0 rc=0 rc+0 mps=79.4 bps=108438 rtt=2 lag=1 last=37 pm=90407 pr=90407 pb=152695781 w[t=256 ob=0/0 st=64 hm=128 vp=2 c=38]
[soak] t_ms=1151691 frame=90372 conn=Connected health=OK streams=16 active=de887c091c3bfef4 ev=0 fix=0 pend_restore=false subs=18 q=0 qmax=0 cb=0 drop=0 d+0 p=0 rc=0 rc+0 mps=50.8 bps=80444 rtt=2 lag=2 last=27 pm=90677 pr=90677 pb=153140254 w[t=256 ob=0/0 st=64 hm=128 vp=7 c=38]
[soak] t_ms=1156707 frame=90673 conn=Connected health=OK streams=16 active=de887c091c3bfef4 ev=0 fix=0 pend_restore=false subs=18 q=0 qmax=0 cb=0 drop=0 d+0 p=1 rc=0 rc+0 mps=47.0 bps=73433 rtt=2 lag=4 last=2 pm=91002 pr=91002 pb=153662827 w[t=256 ob=0/0 st=64 hm=128 vp=7 c=38]
[soak] t_ms=1161724 frame=90974 conn=Connected health=OK streams=16 active=de887c091c3bfef4 ev=0 fix=0 pend_restore=false subs=18 q=1 qmax=0 cb=0 drop=0 d+0 p=1 rc=0 rc+0 mps=54.0 bps=85269 rtt=2 lag=7 last=4 pm=91274 pr=91274 pb=154057575 w[t=256 ob=0/0 st=64 hm=128 vp=8 c=38]
