docker compose -f deploy/compose/docker-compose.yml --env-file deploy/envs/local.env --profile core --profile obs --profile client down --remove-orphans
 Container market-raccoon-client  Stopping
 Container market-raccoon-grafana  Stopping
 Container market-raccoon-grafana  Stopped
 Container market-raccoon-grafana  Removing
 Container market-raccoon-client  Stopped
 Container market-raccoon-client  Removing
 Container market-raccoon-grafana  Removed
 Container market-raccoon-prometheus  Stopping
 Container market-raccoon-client  Removed
 Container compose-processor-1  Stopping
 Container market-raccoon-store  Stopping
 Container compose-consumer-1  Stopping
 Container market-raccoon-prometheus  Stopped
 Container market-raccoon-prometheus  Removing
 Container market-raccoon-prometheus  Removed
 Container compose-consumer-1  Stopped
 Container compose-consumer-1  Removing
 Container market-raccoon-store  Stopped
 Container market-raccoon-store  Removing
 Container compose-consumer-1  Removed
 Container compose-processor-1  Stopped
 Container compose-processor-1  Removing
 Container market-raccoon-store  Removed
 Container compose-processor-1  Removed
 Container market-raccoon-server  Stopping
 Container market-raccoon-server  Stopped
 Container market-raccoon-server  Removing
 Container market-raccoon-server  Removed
 Container market-raccoon-migrate  Stopping
 Container market-raccoon-nats  Stopping
 Container market-raccoon-migrate  Stopped
 Container market-raccoon-migrate  Removing
 Container market-raccoon-migrate  Removed
 Container market-raccoon-clickhouse  Stopping
 Container market-raccoon-timescale  Stopping
 Container market-raccoon-nats  Stopped
 Container market-raccoon-nats  Removing
 Container market-raccoon-nats  Removed
 Container market-raccoon-timescale  Stopped
 Container market-raccoon-timescale  Removing
 Container market-raccoon-timescale  Removed
 Container market-raccoon-clickhouse  Stopped
 Container market-raccoon-clickhouse  Removing
 Container market-raccoon-clickhouse  Removed
 Network market-raccoon-network  Removing
 Network market-raccoon-network  Removed
