invariants-check: domain isolation protobuf-free guard passed
invariants-check: determinism, replay-offline, and core exchange-purity guards passed
invariants-check: layering guards (core->actors, interfaces->adapters) passed
invariants-check: policykit isolation guard passed
invariants-check: extended layering guards (core->adapters, core->interfaces, actors->interfaces) passed
# W5 soak harness 2026-02-27T12:39:26Z
go_cache=/tmp/go-build
ws_pattern=TestConsumer_ConnectDisconnectCycle_(NoGoroutineLeak|HeapStable)
boundedmap_pattern=TestBoundedMap_(ConcurrentAccess|EvictBySizeLRU|EvictByTTL)
Running consumer lifecycle leak checks...
=== RUN   TestConsumer_ConnectDisconnectCycle_NoGoroutineLeak
--- PASS: TestConsumer_ConnectDisconnectCycle_NoGoroutineLeak (0.22s)
=== RUN   TestConsumer_ConnectDisconnectCycle_HeapStable
--- PASS: TestConsumer_ConnectDisconnectCycle_HeapStable (0.33s)
PASS
ok  	github.com/market-raccoon/internal/actors/marketdata/ws	0.824s
Running bounded map stability checks...
=== RUN   TestBoundedMap_EvictBySizeLRU
--- PASS: TestBoundedMap_EvictBySizeLRU (0.00s)
=== RUN   TestBoundedMap_EvictByTTL
--- PASS: TestBoundedMap_EvictByTTL (0.00s)
=== RUN   TestBoundedMap_ConcurrentAccess
--- PASS: TestBoundedMap_ConcurrentAccess (0.00s)
PASS
ok  	github.com/market-raccoon/internal/shared/ds	0.155s
Soak harness completed
# VPVR soak harness 2026-02-27T12:39:34Z
go_cache=/tmp/go-build
test_pattern=TestVPVROverloadSoakBurstDeterministicBudgets
Running VPVR deterministic burst soak...
testing: warning: no tests to run
PASS
ok  	github.com/market-raccoon/internal/actors/insights/runtime	0.162s [no tests to run]
VPVR soak harness completed
# C4 cold-path roundtrip harness 2026-02-27T12:39:36Z
go_cache=/tmp/go-build
Running cold-path candle/stats roundtrip...
=== RUN   TestColdPath_CandleWriteReadRoundtrip
--- PASS: TestColdPath_CandleWriteReadRoundtrip (0.00s)
=== RUN   TestColdPath_StatsWriteReadRoundtrip
--- PASS: TestColdPath_StatsWriteReadRoundtrip (0.00s)
PASS
ok  	github.com/market-raccoon/internal/adapters/storage/clickhouse	0.186s
Running store candle+stats cold-write soak...
testing: warning: no tests to run
PASS
ok  	github.com/market-raccoon/cmd/store	0.227s [no tests to run]
C4 cold-path roundtrip completed
