#1 [internal] load local bake definitions
#1 reading from stdin 2.57kB done
#1 DONE 0.0s

#2 [consumer internal] load build definition from consumer.Dockerfile
#2 transferring dockerfile: 588B done
#2 DONE 0.0s

#3 [migrate internal] load build definition from migrate.Dockerfile
#3 transferring dockerfile: 747B done
#3 DONE 0.0s

#4 [server internal] load build definition from server.Dockerfile
#4 transferring dockerfile: 581B done
#4 DONE 0.0s

#5 [processor internal] load build definition from processor.Dockerfile
#5 transferring dockerfile: 594B done
#5 DONE 0.0s

#6 [store internal] load build definition from store.Dockerfile
#6 transferring dockerfile: 570B done
#6 DONE 0.0s

#7 [store internal] load metadata for docker.io/library/golang:1.25-alpine
#7 DONE 0.9s

#8 [migrate internal] load metadata for docker.io/library/alpine:3.20
#8 DONE 0.9s

#9 [migrate internal] load .dockerignore
#9 transferring context: 108B done
#9 DONE 0.0s

#10 [processor stage-1 1/4] FROM docker.io/library/alpine:3.20@sha256:a4f4213abb84c497377b8544c81b3564f313746700372ec4fe84653e4fb03805
#10 resolve docker.io/library/alpine:3.20@sha256:a4f4213abb84c497377b8544c81b3564f313746700372ec4fe84653e4fb03805 0.0s done
#10 DONE 0.0s

#11 [store builder 1/5] FROM docker.io/library/golang:1.25-alpine@sha256:f6751d823c26342f9506c03797d2527668d095b0a15f1862cddb4d927a7a4ced
#11 resolve docker.io/library/golang:1.25-alpine@sha256:f6751d823c26342f9506c03797d2527668d095b0a15f1862cddb4d927a7a4ced 0.0s done
#11 DONE 0.0s

#12 [consumer internal] load build context
#12 transferring context: 635.13MB 5.0s done
#12 DONE 5.0s

#13 [consumer builder 2/5] WORKDIR /src
#13 CACHED

#14 [consumer builder 3/5] RUN apk add --no-cache ca-certificates
#14 CACHED

#15 [consumer builder 4/5] COPY . .
#15 DONE 1.0s

#16 [consumer builder 5/5] RUN --mount=type=cache,target=/go/pkg/mod     --mount=type=cache,target=/root/.cache/go-build     CGO_ENABLED=0 GOOS=linux GOARCH=amd64     go build -trimpath -ldflags '-s -w' -o /out/consumer ./cmd/consumer
#16 ...

#17 [migrate builder 5/5] RUN --mount=type=cache,target=/go/pkg/mod     --mount=type=cache,target=/root/.cache/go-build     CGO_ENABLED=0 GOOS=linux GOARCH=amd64     go build -trimpath -ldflags '-s -w' -o /out/migrate ./cmd/migrate
#17 DONE 1.3s

#18 [processor builder 5/5] RUN --mount=type=cache,target=/go/pkg/mod     --mount=type=cache,target=/root/.cache/go-build     CGO_ENABLED=0 GOOS=linux GOARCH=amd64     go build -trimpath -ldflags '-s -w' -o /out/processor ./cmd/processor
#18 DONE 1.3s

#19 [processor stage-1 3/4] COPY --from=builder /out/processor /usr/local/bin/processor
#19 CACHED

#20 [migrate stage-1 3/6] WORKDIR /app
#20 CACHED

#21 [migrate stage-1 4/6] COPY --from=builder /out/migrate /usr/local/bin/migrate
#21 CACHED

#22 [migrate stage-1 5/6] COPY --from=builder /src/sql/timescale/migrations /app/sql/timescale/migrations
#22 CACHED

#23 [migrate stage-1 6/6] COPY --from=builder /src/sql/clickhouse/migrations /app/sql/clickhouse/migrations
#23 CACHED

#24 [store builder 5/5] RUN --mount=type=cache,target=/go/pkg/mod     --mount=type=cache,target=/root/.cache/go-build     CGO_ENABLED=0 GOOS=linux GOARCH=amd64     go build -trimpath -ldflags '-s -w' -o /out/store ./cmd/store
#24 DONE 1.3s

#16 [consumer builder 5/5] RUN --mount=type=cache,target=/go/pkg/mod     --mount=type=cache,target=/root/.cache/go-build     CGO_ENABLED=0 GOOS=linux GOARCH=amd64     go build -trimpath -ldflags '-s -w' -o /out/consumer ./cmd/consumer
#16 DONE 1.3s

#25 [server builder 5/5] RUN --mount=type=cache,target=/go/pkg/mod     --mount=type=cache,target=/root/.cache/go-build     CGO_ENABLED=0 GOOS=linux GOARCH=amd64     go build -trimpath -ldflags '-s -w' -o /out/server ./cmd/server
#25 DONE 1.3s

#26 [consumer stage-1 3/4] COPY --from=builder /out/consumer /usr/local/bin/consumer
#26 CACHED

#27 [store stage-1 2/4] RUN apk add --no-cache ca-certificates     && addgroup -S app && adduser -S -G app app
#27 CACHED

#28 [store stage-1 3/4] COPY --from=builder /out/store /usr/local/bin/store
#28 CACHED

#29 [server stage-1 2/4] RUN apk add --no-cache ca-certificates wget     && addgroup -S app && adduser -S -G app app
#29 CACHED

#30 [server stage-1 3/4] COPY --from=builder /out/server /usr/local/bin/server
#30 CACHED

#31 [store] exporting to image
#31 exporting layers done
#31 exporting manifest sha256:e81ca97ce615e57147f906b94e3de3eae3837a30b6680cf6632bdc20632d2a2e done
#31 exporting config sha256:14968f4d784249b94302b5e323de21cc705f0d4a7a1e48d7deca29e1522e4665 done
#31 exporting attestation manifest sha256:404382e3e1dbbd36d4cfa79c187741aea32f26cec502276ea3149fa52cf6606d
#31 ...

#32 [processor] exporting to image
#32 exporting layers done
#32 exporting manifest sha256:5d1b6654fb8326ec8db60d17988c7e48e4e22f04ded387acce5e4b5739d5f7a4 done
#32 exporting config sha256:cd615e68c1a5e091af22f622e2ef4bebf20ec8717309a9121b2f4242fea07006 done
#32 exporting attestation manifest sha256:a734de50568dac81e4bb34629cb36e539f519b592dd592711cd8c97bf1e6a62a 0.0s done
#32 exporting manifest list sha256:04e156480f34b838ed06e7e3378abf10a4f32c515972445a2cc923098ca0d01b done
#32 naming to docker.io/market-raccoon/processor:dev done
#32 unpacking to docker.io/market-raccoon/processor:dev done
#32 DONE 0.1s

#31 [store] exporting to image
#31 exporting attestation manifest sha256:404382e3e1dbbd36d4cfa79c187741aea32f26cec502276ea3149fa52cf6606d 0.1s done
#31 exporting manifest list sha256:0afa8635c7dd2c2abccb067f4f612c6eec15c5b965cd6732ff535e5cd4722418 0.0s done
#31 naming to docker.io/market-raccoon/store:dev done
#31 unpacking to docker.io/market-raccoon/store:dev
#31 unpacking to docker.io/market-raccoon/store:dev 0.0s done
#31 DONE 0.2s

#33 [migrate] exporting to image
#33 exporting layers done
#33 exporting manifest sha256:7e1d7f1f219dc5b56fb4ef5cf083043dd5a89dd9c1598fbfc6cf9a3f20b787e6 done
#33 exporting config sha256:f6f5aa17c494edb1c97eba35c0f588e5fc9d754f69810e76a7da6f04832ee091 done
#33 exporting attestation manifest sha256:5d900bb141b818bd80c18b012a09bca4922dbf40aac4034b727e4d730c2decb5 0.0s done
#33 exporting manifest list sha256:fc11bfb3966e14612ac990de9ccdcf4a88d03b3fd7d4d49dbe5927bd51c389e2 0.0s done
#33 naming to docker.io/market-raccoon/migrate:dev 0.0s done
#33 unpacking to docker.io/market-raccoon/migrate:dev 0.0s done
#33 DONE 0.2s

#34 [consumer] exporting to image
#34 exporting layers done
#34 exporting manifest sha256:e09557bb49d82c182e48f0433a3aed15d801e45033cbfb2acbdefe35796be900 done
#34 exporting config sha256:6011186f6f2739c0542cb4b70bd56693a692ce70a86878e8056d74366c9a3bcc done
#34 exporting attestation manifest sha256:b0057279b5dbc3593f4965d00a1bc09b3662c8365f640aac6dd8411c6777dfda 0.0s done
#34 exporting manifest list sha256:a8d3655eb5731cc31ec9882eddc19d56d3631bbea70bea2dc83657dd2313f23d 0.0s done
#34 naming to docker.io/market-raccoon/consumer:dev done
#34 unpacking to docker.io/market-raccoon/consumer:dev 0.0s done
#34 DONE 0.2s

#35 [server] exporting to image
#35 exporting layers done
#35 exporting manifest sha256:cae64157d655672104db9988b6dacfc4abd64fb6672329ddf32acc11c653f9e9 done
#35 exporting config sha256:99f4b79b21810d0b48b034cfcdd9acab5b3610ac11d3d0f2b76b90252d0d2634 done
#35 exporting attestation manifest sha256:89135d3e1de85acc8ee3a3fd7e2f1f5a4f2a878b51b77374c71505d453bb9415 0.1s done
#35 exporting manifest list sha256:04b49124570d8ced1a500e314256f87521ae42efc1c9a232fdde0062293a7189 0.0s done
#35 naming to docker.io/market-raccoon/server:dev 0.0s done
#35 unpacking to docker.io/market-raccoon/server:dev done
#35 DONE 0.2s

#36 [processor] resolving provenance for metadata file
#36 DONE 0.1s

#37 [store] resolving provenance for metadata file
#37 DONE 0.0s

#38 [migrate] resolving provenance for metadata file
#38 DONE 0.1s

#39 [consumer] resolving provenance for metadata file
#39 DONE 0.1s

#40 [server] resolving provenance for metadata file
#40 DONE 0.1s
 market-raccoon/store:dev  Built
 market-raccoon/consumer:dev  Built
 market-raccoon/processor:dev  Built
 market-raccoon/migrate:dev  Built
 market-raccoon/server:dev  Built
 Container market-raccoon-nats  Running
 Container market-raccoon-clickhouse  Running
 Container market-raccoon-timescale  Running
 Container market-raccoon-migrate  Recreate
 Container market-raccoon-migrate  Recreated
 Container market-raccoon-store  Recreate
 Container market-raccoon-server  Recreate
 Container market-raccoon-server  Recreated
 Container compose-consumer-1  Recreate
 Container compose-processor-2  Stopping
 Container compose-processor-1  Recreate
 Container market-raccoon-store  Recreated
 Container compose-processor-2  Stopped
 Container compose-processor-2  Removing
 Container compose-processor-2  Removed
 Container compose-consumer-1  Recreated
 Container compose-processor-1  Recreated
 Container market-raccoon-timescale  Waiting
 Container market-raccoon-clickhouse  Waiting
 Container market-raccoon-timescale  Healthy
 Container market-raccoon-clickhouse  Healthy
 Container market-raccoon-migrate  Starting
 Container market-raccoon-migrate  Started
 Container market-raccoon-migrate  Waiting
 Container market-raccoon-nats  Waiting
 Container market-raccoon-migrate  Waiting
 Container market-raccoon-clickhouse  Waiting
 Container market-raccoon-nats  Waiting
 Container market-raccoon-timescale  Waiting
 Container market-raccoon-clickhouse  Waiting
 Container market-raccoon-nats  Healthy
 Container market-raccoon-nats  Healthy
 Container market-raccoon-clickhouse  Healthy
 Container market-raccoon-timescale  Healthy
 Container market-raccoon-clickhouse  Healthy
 Container market-raccoon-migrate  Exited
 Container market-raccoon-store  Starting
 Container market-raccoon-migrate  Exited
 Container market-raccoon-server  Starting
 Container market-raccoon-server  Started
 Container market-raccoon-migrate  Waiting
 Container market-raccoon-nats  Waiting
 Container market-raccoon-migrate  Waiting
 Container market-raccoon-nats  Waiting
 Container market-raccoon-timescale  Waiting
 Container market-raccoon-clickhouse  Waiting
 Container market-raccoon-store  Started
 Container market-raccoon-migrate  Exited
 Container market-raccoon-clickhouse  Healthy
 Container market-raccoon-migrate  Exited
 Container market-raccoon-nats  Healthy
 Container market-raccoon-timescale  Healthy
 Container compose-processor-1  Starting
 Container market-raccoon-nats  Healthy
 Container compose-consumer-1  Starting
 Container compose-consumer-1  Started
 Container compose-processor-1  Started
